2022-08-28 17:34:35  | INFO> 0:00:00.007002  | Namespace(dataset='lnc-dis', down_model='lgb', dropout=0.0, epoch=100, hidden_channels=[256, 128], lncRNA_miRNA='lncRNA_miRNA_association.csv', miRNA_disease='miRNA_disease_association.csv', num_edges=1180, num_features=[233, 128], num_nodes=267, out_channels=64, path_dataset='F:\\Python\\Python_learning\\BJUT\\LDASAG\\dataset/', pre_model='node2vec', train='traindata', weight=[0.7, 0.3])
2022-08-28 17:35:54  | INFO> 0:01:18.876281  | Epoch:001, Loss:0.6749, train:0.8551, val:0.8382, Test:0.8305
2022-08-28 17:35:55  | INFO> 0:01:19.549440  | Epoch:002, Loss:0.6695, train:0.8571, val:0.8414, Test:0.8335
2022-08-28 17:35:55  | INFO> 0:01:20.230586  | Epoch:003, Loss:0.6629, train:0.8613, val:0.8439, Test:0.8361
2022-08-28 17:35:56  | INFO> 0:01:20.923742  | Epoch:004, Loss:0.6555, train:0.8644, val:0.8462, Test:0.8382
2022-08-28 17:35:57  | INFO> 0:01:21.595896  | Epoch:005, Loss:0.6475, train:0.8676, val:0.8484, Test:0.8400
2022-08-28 17:35:57  | INFO> 0:01:22.292051  | Epoch:006, Loss:0.6411, train:0.8706, val:0.8505, Test:0.8415
2022-08-28 17:35:58  | INFO> 0:01:22.982206  | Epoch:007, Loss:0.6435, train:0.8704, val:0.8517, Test:0.8425
2022-08-28 17:35:59  | INFO> 0:01:23.663360  | Epoch:008, Loss:0.6459, train:0.8753, val:0.8524, Test:0.8429
2022-08-28 17:35:59  | INFO> 0:01:24.373520  | Epoch:009, Loss:0.6460, train:0.8721, val:0.8529, Test:0.8430
2022-08-28 17:36:00  | INFO> 0:01:25.082680  | Epoch:010, Loss:0.6420, train:0.8718, val:0.8532, Test:0.8433
2022-08-28 17:36:01  | INFO> 0:01:25.780837  | Epoch:011, Loss:0.6397, train:0.8727, val:0.8537, Test:0.8436
2022-08-28 17:36:02  | INFO> 0:01:26.474993  | Epoch:012, Loss:0.6397, train:0.8746, val:0.8543, Test:0.8440
2022-08-28 17:36:02  | INFO> 0:01:27.168151  | Epoch:013, Loss:0.6402, train:0.8754, val:0.8551, Test:0.8445
2022-08-28 17:36:03  | INFO> 0:01:27.879310  | Epoch:014, Loss:0.6413, train:0.8745, val:0.8560, Test:0.8449
2022-08-28 17:36:04  | INFO> 0:01:28.557463  | Epoch:015, Loss:0.6403, train:0.8771, val:0.8570, Test:0.8454
2022-08-28 17:36:04  | INFO> 0:01:29.243617  | Epoch:016, Loss:0.6391, train:0.8791, val:0.8580, Test:0.8457
2022-08-28 17:36:05  | INFO> 0:01:29.955778  | Epoch:017, Loss:0.6379, train:0.8779, val:0.8590, Test:0.8463
2022-08-28 17:36:06  | INFO> 0:01:30.627930  | Epoch:018, Loss:0.6373, train:0.8760, val:0.8597, Test:0.8466
2022-08-28 17:36:06  | INFO> 0:01:31.306084  | Epoch:019, Loss:0.6381, train:0.8738, val:0.8604, Test:0.8468
2022-08-28 17:36:07  | INFO> 0:01:32.010242  | Epoch:020, Loss:0.6356, train:0.8801, val:0.8610, Test:0.8469
2022-08-28 17:36:08  | INFO> 0:01:32.703397  | Epoch:021, Loss:0.6360, train:0.8796, val:0.8616, Test:0.8469
2022-08-28 17:36:08  | INFO> 0:01:33.380550  | Epoch:022, Loss:0.6335, train:0.8838, val:0.8620, Test:0.8467
2022-08-28 17:36:09  | INFO> 0:01:34.077708  | Epoch:023, Loss:0.6336, train:0.8823, val:0.8622, Test:0.8464
2022-08-28 17:36:10  | INFO> 0:01:34.740858  | Epoch:024, Loss:0.6317, train:0.8839, val:0.8624, Test:0.8459
2022-08-28 17:36:10  | INFO> 0:01:35.433014  | Epoch:025, Loss:0.6334, train:0.8806, val:0.8624, Test:0.8450
2022-08-28 17:36:11  | INFO> 0:01:36.118168  | Epoch:026, Loss:0.6320, train:0.8810, val:0.8623, Test:0.8437
2022-08-28 17:36:12  | INFO> 0:01:36.825326  | Epoch:027, Loss:0.6314, train:0.8816, val:0.8619, Test:0.8428
2022-08-28 17:36:13  | INFO> 0:01:37.507480  | Epoch:028, Loss:0.6305, train:0.8811, val:0.8613, Test:0.8422
2022-08-28 17:36:13  | INFO> 0:01:38.201639  | Epoch:029, Loss:0.6286, train:0.8818, val:0.8610, Test:0.8419
2022-08-28 17:36:14  | INFO> 0:01:38.896794  | Epoch:030, Loss:0.6263, train:0.8834, val:0.8606, Test:0.8418
2022-08-28 17:36:15  | INFO> 0:01:39.585951  | Epoch:031, Loss:0.6277, train:0.8796, val:0.8603, Test:0.8416
2022-08-28 17:36:15  | INFO> 0:01:40.290109  | Epoch:032, Loss:0.6235, train:0.8831, val:0.8599, Test:0.8415
2022-08-28 17:36:16  | INFO> 0:01:40.985264  | Epoch:033, Loss:0.6240, train:0.8797, val:0.8594, Test:0.8416
2022-08-28 17:36:17  | INFO> 0:01:41.692425  | Epoch:034, Loss:0.6212, train:0.8827, val:0.8589, Test:0.8418
2022-08-28 17:36:17  | INFO> 0:01:42.395088  | Epoch:035, Loss:0.6215, train:0.8778, val:0.8583, Test:0.8417
2022-08-28 17:36:18  | INFO> 0:01:43.083242  | Epoch:036, Loss:0.6185, train:0.8793, val:0.8576, Test:0.8415
2022-08-28 17:36:19  | INFO> 0:01:43.777398  | Epoch:037, Loss:0.6157, train:0.8803, val:0.8568, Test:0.8413
2022-08-28 17:36:20  | INFO> 0:01:44.454553  | Epoch:038, Loss:0.6129, train:0.8827, val:0.8556, Test:0.8411
2022-08-28 17:36:20  | INFO> 0:01:45.147707  | Epoch:039, Loss:0.6125, train:0.8798, val:0.8543, Test:0.8409
2022-08-28 17:36:21  | INFO> 0:01:45.819858  | Epoch:040, Loss:0.6099, train:0.8793, val:0.8531, Test:0.8405
2022-08-28 17:36:22  | INFO> 0:01:46.502015  | Epoch:041, Loss:0.6093, train:0.8786, val:0.8529, Test:0.8403
2022-08-28 17:36:22  | INFO> 0:01:47.174165  | Epoch:042, Loss:0.6064, train:0.8770, val:0.8518, Test:0.8398
2022-08-28 17:36:23  | INFO> 0:01:47.860319  | Epoch:043, Loss:0.6069, train:0.8750, val:0.8496, Test:0.8385
2022-08-28 17:36:24  | INFO> 0:01:48.546475  | Epoch:044, Loss:0.6083, train:0.8773, val:0.8513, Test:0.8393
2022-08-28 17:36:24  | INFO> 0:01:49.231628  | Epoch:045, Loss:0.6070, train:0.8753, val:0.8498, Test:0.8386
2022-08-28 17:36:25  | INFO> 0:01:49.920784  | Epoch:046, Loss:0.6099, train:0.8767, val:0.8479, Test:0.8376
2022-08-28 17:36:26  | INFO> 0:01:50.608939  | Epoch:047, Loss:0.6108, train:0.8726, val:0.8491, Test:0.8383
2022-08-28 17:36:26  | INFO> 0:01:51.308096  | Epoch:048, Loss:0.6066, train:0.8747, val:0.8497, Test:0.8387
2022-08-28 17:36:27  | INFO> 0:01:52.011255  | Epoch:049, Loss:0.6053, train:0.8752, val:0.8483, Test:0.8379
2022-08-28 17:36:28  | INFO> 0:01:52.731416  | Epoch:050, Loss:0.6073, train:0.8704, val:0.8474, Test:0.8373
2022-08-28 17:36:28  | INFO> 0:01:53.421572  | Epoch:051, Loss:0.6044, train:0.8762, val:0.8492, Test:0.8383
2022-08-28 17:36:29  | INFO> 0:01:54.115729  | Epoch:052, Loss:0.6063, train:0.8755, val:0.8496, Test:0.8386
2022-08-28 17:36:30  | INFO> 0:01:54.821887  | Epoch:053, Loss:0.6054, train:0.8737, val:0.8480, Test:0.8377
2022-08-28 17:36:31  | INFO> 0:01:55.510043  | Epoch:054, Loss:0.6049, train:0.8720, val:0.8478, Test:0.8376
2022-08-28 17:36:31  | INFO> 0:01:56.213201  | Epoch:055, Loss:0.6015, train:0.8759, val:0.8497, Test:0.8386
2022-08-28 17:36:32  | INFO> 0:01:56.931631  | Epoch:056, Loss:0.6012, train:0.8747, val:0.8501, Test:0.8388
2022-08-28 17:36:33  | INFO> 0:01:57.627787  | Epoch:057, Loss:0.6027, train:0.8773, val:0.8491, Test:0.8383
2022-08-28 17:36:33  | INFO> 0:01:58.345950  | Epoch:058, Loss:0.6039, train:0.8732, val:0.8483, Test:0.8380
2022-08-28 17:36:34  | INFO> 0:01:59.040106  | Epoch:059, Loss:0.6007, train:0.8734, val:0.8490, Test:0.8383
2022-08-28 17:36:35  | INFO> 0:01:59.726260  | Epoch:060, Loss:0.6049, train:0.8730, val:0.8497, Test:0.8387
2022-08-28 17:36:35  | INFO> 0:02:00.398411  | Epoch:061, Loss:0.6015, train:0.8751, val:0.8495, Test:0.8386
2022-08-28 17:36:36  | INFO> 0:02:01.101571  | Epoch:062, Loss:0.6029, train:0.8742, val:0.8483, Test:0.8379
2022-08-28 17:36:37  | INFO> 0:02:01.776723  | Epoch:063, Loss:0.6052, train:0.8704, val:0.8477, Test:0.8374
2022-08-28 17:36:38  | INFO> 0:02:02.464877  | Epoch:064, Loss:0.6007, train:0.8732, val:0.8485, Test:0.8378
2022-08-28 17:36:38  | INFO> 0:02:03.159034  | Epoch:065, Loss:0.6028, train:0.8691, val:0.8483, Test:0.8376
2022-08-28 17:36:39  | INFO> 0:02:03.851190  | Epoch:066, Loss:0.6021, train:0.8716, val:0.8470, Test:0.8367
2022-08-28 17:36:40  | INFO> 0:02:04.524342  | Epoch:067, Loss:0.6005, train:0.8715, val:0.8466, Test:0.8362
2022-08-28 17:36:40  | INFO> 0:02:05.208511  | Epoch:068, Loss:0.5962, train:0.8766, val:0.8475, Test:0.8367
2022-08-28 17:36:41  | INFO> 0:02:05.895652  | Epoch:069, Loss:0.6022, train:0.8714, val:0.8467, Test:0.8361
2022-08-28 17:36:42  | INFO> 0:02:06.580806  | Epoch:070, Loss:0.5975, train:0.8718, val:0.8455, Test:0.8352
2022-08-28 17:36:42  | INFO> 0:02:07.302968  | Epoch:071, Loss:0.6006, train:0.8695, val:0.8457, Test:0.8354
2022-08-28 17:36:43  | INFO> 0:02:07.971119  | Epoch:072, Loss:0.5984, train:0.8711, val:0.8463, Test:0.8358
2022-08-28 17:36:44  | INFO> 0:02:08.642271  | Epoch:073, Loss:0.5978, train:0.8714, val:0.8454, Test:0.8351
2022-08-28 17:36:44  | INFO> 0:02:09.322423  | Epoch:074, Loss:0.5971, train:0.8708, val:0.8440, Test:0.8341
2022-08-28 17:36:45  | INFO> 0:02:10.006578  | Epoch:075, Loss:0.5971, train:0.8701, val:0.8446, Test:0.8344
2022-08-28 17:36:46  | INFO> 0:02:10.677731  | Epoch:076, Loss:0.5962, train:0.8708, val:0.8445, Test:0.8342
2022-08-28 17:36:46  | INFO> 0:02:11.371885  | Epoch:077, Loss:0.5986, train:0.8691, val:0.8421, Test:0.8324
2022-08-28 17:36:47  | INFO> 0:02:12.038036  | Epoch:078, Loss:0.5984, train:0.8644, val:0.8417, Test:0.8320
2022-08-28 17:36:48  | INFO> 0:02:12.719189  | Epoch:079, Loss:0.5977, train:0.8658, val:0.8434, Test:0.8332
2022-08-28 17:36:48  | INFO> 0:02:13.389339  | Epoch:080, Loss:0.6003, train:0.8681, val:0.8406, Test:0.8310
2022-08-28 17:36:49  | INFO> 0:02:14.062491  | Epoch:081, Loss:0.5999, train:0.8632, val:0.8403, Test:0.8308
2022-08-28 17:36:50  | INFO> 0:02:14.743645  | Epoch:082, Loss:0.5963, train:0.8670, val:0.8427, Test:0.8326
2022-08-28 17:36:50  | INFO> 0:02:15.431800  | Epoch:083, Loss:0.5959, train:0.8705, val:0.8415, Test:0.8316
2022-08-28 17:36:51  | INFO> 0:02:16.119956  | Epoch:084, Loss:0.5945, train:0.8689, val:0.8394, Test:0.8302
2022-08-28 17:36:52  | INFO> 0:02:16.795109  | Epoch:085, Loss:0.5954, train:0.8669, val:0.8413, Test:0.8314
2022-08-28 17:36:53  | INFO> 0:02:17.474263  | Epoch:086, Loss:0.5928, train:0.8697, val:0.8417, Test:0.8317
2022-08-28 17:36:53  | INFO> 0:02:18.153415  | Epoch:087, Loss:0.5933, train:0.8697, val:0.8385, Test:0.8294
2022-08-28 17:36:54  | INFO> 0:02:18.849570  | Epoch:088, Loss:0.5949, train:0.8638, val:0.8386, Test:0.8292
2022-08-28 17:36:55  | INFO> 0:02:19.544728  | Epoch:089, Loss:0.5949, train:0.8633, val:0.8402, Test:0.8302
2022-08-28 17:36:55  | INFO> 0:02:20.218879  | Epoch:090, Loss:0.5957, train:0.8649, val:0.8373, Test:0.8284
2022-08-28 17:36:56  | INFO> 0:02:20.921038  | Epoch:091, Loss:0.5944, train:0.8642, val:0.8380, Test:0.8289
2022-08-28 17:36:57  | INFO> 0:02:21.608192  | Epoch:092, Loss:0.5957, train:0.8610, val:0.8389, Test:0.8295
2022-08-28 17:36:57  | INFO> 0:02:22.276343  | Epoch:093, Loss:0.5987, train:0.8598, val:0.8368, Test:0.8285
2022-08-28 17:36:58  | INFO> 0:02:22.961498  | Epoch:094, Loss:0.5921, train:0.8656, val:0.8381, Test:0.8291
2022-08-28 17:36:59  | INFO> 0:02:23.643651  | Epoch:095, Loss:0.5948, train:0.8617, val:0.8372, Test:0.8287
2022-08-28 17:36:59  | INFO> 0:02:24.324805  | Epoch:096, Loss:0.5909, train:0.8651, val:0.8365, Test:0.8282
2022-08-28 17:37:00  | INFO> 0:02:25.028964  | Epoch:097, Loss:0.5915, train:0.8619, val:0.8355, Test:0.8274
2022-08-28 17:37:01  | INFO> 0:02:25.709118  | Epoch:098, Loss:0.5942, train:0.8612, val:0.8363, Test:0.8276
2022-08-28 17:37:01  | INFO> 0:02:26.378268  | Epoch:099, Loss:0.5927, train:0.8600, val:0.8335, Test:0.8265
2022-08-28 17:37:01  | INFO> 0:02:26.380268  | Final Val:0.8624
2022-08-28 17:37:01  | INFO> 0:02:26.381268  | Final Test:0.8450
2022-08-28 17:37:01  | INFO> 0:02:26.383268  | Final Weight:[0.7, 0.3]
2022-08-28 17:37:01  | INFO> 0:02:26.384268  | the downModel: lgb
2022-08-28 17:37:04  | INFO> 0:02:29.297927  | Final Val:0.9103
2022-08-28 18:03:18  | INFO> 0:00:00.017010  | Namespace(dataset='lnc-dis', down_model=None, dropout=0.0, epoch=100, hidden_channels=[256, 128], lncRNA_miRNA='lncRNA_miRNA_association.csv', miRNA_disease='miRNA_disease_association.csv', num_edges=1180, num_features=233, num_nodes=267, out_channels=64, path_dataset='F:\\Python\\Python_learning\\BJUT\\LDASAG\\dataset/', pre_model=None, train='traindata', weight=[0.7, 0.3])
2022-08-28 18:03:19  | INFO> 0:00:00.925199  | Epoch:001, Loss:0.6998, train:0.8570, val:0.8694, Test:0.8480
2022-08-28 18:03:19  | INFO> 0:00:01.329292  | Epoch:002, Loss:0.6961, train:0.8619, val:0.8732, Test:0.8507
2022-08-28 18:03:19  | INFO> 0:00:01.728380  | Epoch:003, Loss:0.6921, train:0.8636, val:0.8766, Test:0.8525
2022-08-28 18:03:20  | INFO> 0:00:02.122473  | Epoch:004, Loss:0.6874, train:0.8669, val:0.8793, Test:0.8541
2022-08-28 18:03:20  | INFO> 0:00:02.510451  | Epoch:005, Loss:0.6826, train:0.8679, val:0.8817, Test:0.8554
2022-08-28 18:03:20  | INFO> 0:00:02.893539  | Epoch:006, Loss:0.6780, train:0.8701, val:0.8835, Test:0.8560
2022-08-28 18:03:21  | INFO> 0:00:03.279658  | Epoch:007, Loss:0.6737, train:0.8719, val:0.8844, Test:0.8561
2022-08-28 18:03:21  | INFO> 0:00:03.668752  | Epoch:008, Loss:0.6677, train:0.8727, val:0.8847, Test:0.8557
2022-08-28 18:03:22  | INFO> 0:00:04.053843  | Epoch:009, Loss:0.6612, train:0.8729, val:0.8848, Test:0.8551
2022-08-28 18:03:22  | INFO> 0:00:04.451940  | Epoch:010, Loss:0.6540, train:0.8735, val:0.8849, Test:0.8544
2022-08-28 18:03:22  | INFO> 0:00:04.843052  | Epoch:011, Loss:0.6483, train:0.8719, val:0.8852, Test:0.8539
2022-08-28 18:03:23  | INFO> 0:00:05.234691  | Epoch:012, Loss:0.6402, train:0.8736, val:0.8853, Test:0.8536
2022-08-28 18:03:23  | INFO> 0:00:05.621778  | Epoch:013, Loss:0.6328, train:0.8747, val:0.8850, Test:0.8529
2022-08-28 18:03:24  | INFO> 0:00:06.019868  | Epoch:014, Loss:0.6270, train:0.8739, val:0.8837, Test:0.8514
2022-08-28 18:03:24  | INFO> 0:00:06.409955  | Epoch:015, Loss:0.6220, train:0.8743, val:0.8813, Test:0.8489
2022-08-28 18:03:24  | INFO> 0:00:06.801044  | Epoch:016, Loss:0.6181, train:0.8706, val:0.8782, Test:0.8462
2022-08-28 18:03:25  | INFO> 0:00:07.195135  | Epoch:017, Loss:0.6131, train:0.8705, val:0.8766, Test:0.8450
2022-08-28 18:03:25  | INFO> 0:00:07.603225  | Epoch:018, Loss:0.6109, train:0.8703, val:0.8752, Test:0.8437
2022-08-28 18:03:26  | INFO> 0:00:07.993313  | Epoch:019, Loss:0.6110, train:0.8692, val:0.8729, Test:0.8408
2022-08-28 18:03:26  | INFO> 0:00:08.390403  | Epoch:020, Loss:0.6092, train:0.8681, val:0.8711, Test:0.8383
2022-08-28 18:03:26  | INFO> 0:00:08.777492  | Epoch:021, Loss:0.6080, train:0.8689, val:0.8710, Test:0.8386
2022-08-28 18:03:27  | INFO> 0:00:09.175579  | Epoch:022, Loss:0.6058, train:0.8682, val:0.8719, Test:0.8401
2022-08-28 18:03:27  | INFO> 0:00:09.585671  | Epoch:023, Loss:0.6054, train:0.8693, val:0.8720, Test:0.8405
2022-08-28 18:03:28  | INFO> 0:00:10.002768  | Epoch:024, Loss:0.6061, train:0.8670, val:0.8711, Test:0.8394
2022-08-28 18:03:28  | INFO> 0:00:10.415859  | Epoch:025, Loss:0.6041, train:0.8672, val:0.8708, Test:0.8389
2022-08-28 18:03:28  | INFO> 0:00:10.826463  | Epoch:026, Loss:0.6041, train:0.8658, val:0.8714, Test:0.8400
2022-08-28 18:03:29  | INFO> 0:00:11.249616  | Epoch:027, Loss:0.6023, train:0.8692, val:0.8724, Test:0.8416
2022-08-28 18:03:29  | INFO> 0:00:11.660707  | Epoch:028, Loss:0.6029, train:0.8688, val:0.8723, Test:0.8416
2022-08-28 18:03:30  | INFO> 0:00:12.058798  | Epoch:029, Loss:0.6004, train:0.8707, val:0.8718, Test:0.8406
2022-08-28 18:03:30  | INFO> 0:00:12.464888  | Epoch:030, Loss:0.6019, train:0.8668, val:0.8711, Test:0.8397
2022-08-28 18:03:30  | INFO> 0:00:12.860460  | Epoch:031, Loss:0.6001, train:0.8687, val:0.8717, Test:0.8404
2022-08-28 18:03:31  | INFO> 0:00:13.271884  | Epoch:032, Loss:0.5997, train:0.8682, val:0.8721, Test:0.8410
2022-08-28 18:03:31  | INFO> 0:00:13.664000  | Epoch:033, Loss:0.5978, train:0.8716, val:0.8716, Test:0.8401
2022-08-28 18:03:32  | INFO> 0:00:14.082095  | Epoch:034, Loss:0.6002, train:0.8677, val:0.8701, Test:0.8374
2022-08-28 18:03:32  | INFO> 0:00:14.495187  | Epoch:035, Loss:0.5995, train:0.8655, val:0.8694, Test:0.8365
2022-08-28 18:03:32  | INFO> 0:00:14.903281  | Epoch:036, Loss:0.5959, train:0.8681, val:0.8707, Test:0.8385
2022-08-28 18:03:33  | INFO> 0:00:15.324375  | Epoch:037, Loss:0.5971, train:0.8680, val:0.8704, Test:0.8380
2022-08-28 18:03:33  | INFO> 0:00:15.732516  | Epoch:038, Loss:0.5975, train:0.8662, val:0.8676, Test:0.8341
2022-08-28 18:03:34  | INFO> 0:00:16.143147  | Epoch:039, Loss:0.5956, train:0.8646, val:0.8666, Test:0.8324
2022-08-28 18:03:34  | INFO> 0:00:16.544254  | Epoch:040, Loss:0.5943, train:0.8639, val:0.8679, Test:0.8349
2022-08-28 18:03:35  | INFO> 0:00:16.958347  | Epoch:041, Loss:0.5928, train:0.8670, val:0.8679, Test:0.8349
2022-08-28 18:03:35  | INFO> 0:00:17.379443  | Epoch:042, Loss:0.5926, train:0.8663, val:0.8654, Test:0.8309
2022-08-28 18:03:35  | INFO> 0:00:17.783532  | Epoch:043, Loss:0.5927, train:0.8631, val:0.8640, Test:0.8292
2022-08-28 18:03:36  | INFO> 0:00:18.195625  | Epoch:044, Loss:0.5928, train:0.8609, val:0.8653, Test:0.8310
2022-08-28 18:03:36  | INFO> 0:00:18.610718  | Epoch:045, Loss:0.5941, train:0.8593, val:0.8644, Test:0.8298
2022-08-28 18:03:37  | INFO> 0:00:19.021811  | Epoch:046, Loss:0.5930, train:0.8589, val:0.8622, Test:0.8262
2022-08-28 18:03:37  | INFO> 0:00:19.431903  | Epoch:047, Loss:0.5942, train:0.8533, val:0.8621, Test:0.8263
2022-08-28 18:03:37  | INFO> 0:00:19.826993  | Epoch:048, Loss:0.5903, train:0.8578, val:0.8639, Test:0.8294
2022-08-28 18:03:38  | INFO> 0:00:20.245087  | Epoch:049, Loss:0.5921, train:0.8580, val:0.8609, Test:0.8241
2022-08-28 18:03:38  | INFO> 0:00:20.658181  | Epoch:050, Loss:0.5877, train:0.8586, val:0.8609, Test:0.8241
2022-08-28 18:03:39  | INFO> 0:00:21.078274  | Epoch:051, Loss:0.5886, train:0.8565, val:0.8620, Test:0.8264
2022-08-28 18:03:39  | INFO> 0:00:21.484366  | Epoch:052, Loss:0.5851, train:0.8608, val:0.8607, Test:0.8241
2022-08-28 18:03:39  | INFO> 0:00:21.890458  | Epoch:053, Loss:0.5870, train:0.8566, val:0.8576, Test:0.8195
2022-08-28 18:03:40  | INFO> 0:00:22.292549  | Epoch:054, Loss:0.5860, train:0.8525, val:0.8607, Test:0.8242
2022-08-28 18:03:40  | INFO> 0:00:22.699640  | Epoch:055, Loss:0.5861, train:0.8560, val:0.8582, Test:0.8203
2022-08-28 18:03:41  | INFO> 0:00:23.113733  | Epoch:056, Loss:0.5876, train:0.8498, val:0.8546, Test:0.8161
2022-08-28 18:03:41  | INFO> 0:00:23.519829  | Epoch:057, Loss:0.5886, train:0.8448, val:0.8589, Test:0.8216
2022-08-28 18:03:42  | INFO> 0:00:23.927917  | Epoch:058, Loss:0.5860, train:0.8528, val:0.8548, Test:0.8163
2022-08-28 18:03:42  | INFO> 0:00:24.334011  | Epoch:059, Loss:0.5840, train:0.8490, val:0.8543, Test:0.8159
2022-08-28 18:03:42  | INFO> 0:00:24.745101  | Epoch:060, Loss:0.5851, train:0.8462, val:0.8549, Test:0.8169
2022-08-28 18:03:43  | INFO> 0:00:25.160196  | Epoch:061, Loss:0.5832, train:0.8487, val:0.8520, Test:0.8129
2022-08-28 18:03:43  | INFO> 0:00:25.561876  | Epoch:062, Loss:0.5840, train:0.8428, val:0.8533, Test:0.8150
2022-08-28 18:03:44  | INFO> 0:00:25.958685  | Epoch:063, Loss:0.5811, train:0.8472, val:0.8513, Test:0.8123
2022-08-28 18:03:44  | INFO> 0:00:26.369775  | Epoch:064, Loss:0.5809, train:0.8456, val:0.8529, Test:0.8147
2022-08-28 18:03:44  | INFO> 0:00:26.791871  | Epoch:065, Loss:0.5828, train:0.8455, val:0.8424, Test:0.8029
2022-08-28 18:03:45  | INFO> 0:00:27.198353  | Epoch:066, Loss:0.5849, train:0.8337, val:0.8561, Test:0.8188
2022-08-28 18:03:45  | INFO> 0:00:27.604641  | Epoch:067, Loss:0.5903, train:0.8479, val:0.8434, Test:0.8039
2022-08-28 18:03:46  | INFO> 0:00:28.003781  | Epoch:068, Loss:0.5857, train:0.8330, val:0.8414, Test:0.8017
2022-08-28 18:03:46  | INFO> 0:00:28.397873  | Epoch:069, Loss:0.5850, train:0.8320, val:0.8533, Test:0.8151
2022-08-28 18:03:46  | INFO> 0:00:28.806962  | Epoch:070, Loss:0.5831, train:0.8462, val:0.8522, Test:0.8138
2022-08-28 18:03:47  | INFO> 0:00:29.207052  | Epoch:071, Loss:0.5818, train:0.8453, val:0.8430, Test:0.8035
2022-08-28 18:03:47  | INFO> 0:00:29.608142  | Epoch:072, Loss:0.5824, train:0.8351, val:0.8446, Test:0.8050
2022-08-28 18:03:48  | INFO> 0:00:30.012234  | Epoch:073, Loss:0.5827, train:0.8360, val:0.8516, Test:0.8128
2022-08-28 18:03:48  | INFO> 0:00:30.411324  | Epoch:074, Loss:0.5825, train:0.8439, val:0.8509, Test:0.8119
2022-08-28 18:03:48  | INFO> 0:00:30.822416  | Epoch:075, Loss:0.5803, train:0.8441, val:0.8451, Test:0.8055
2022-08-28 18:03:49  | INFO> 0:00:31.225549  | Epoch:076, Loss:0.5830, train:0.8345, val:0.8438, Test:0.8043
2022-08-28 18:03:49  | INFO> 0:00:31.635733  | Epoch:077, Loss:0.5833, train:0.8344, val:0.8497, Test:0.8105
2022-08-28 18:03:50  | INFO> 0:00:32.053863  | Epoch:078, Loss:0.5801, train:0.8437, val:0.8514, Test:0.8126
2022-08-28 18:03:50  | INFO> 0:00:32.464957  | Epoch:079, Loss:0.5845, train:0.8412, val:0.8462, Test:0.8065
2022-08-28 18:03:50  | INFO> 0:00:32.870047  | Epoch:080, Loss:0.5810, train:0.8393, val:0.8446, Test:0.8051
2022-08-28 18:03:51  | INFO> 0:00:33.274137  | Epoch:081, Loss:0.5824, train:0.8361, val:0.8489, Test:0.8092
2022-08-28 18:03:51  | INFO> 0:00:33.672228  | Epoch:082, Loss:0.5832, train:0.8384, val:0.8499, Test:0.8105
2022-08-28 18:03:52  | INFO> 0:00:34.082320  | Epoch:083, Loss:0.5824, train:0.8401, val:0.8461, Test:0.8066
2022-08-28 18:03:52  | INFO> 0:00:34.491412  | Epoch:084, Loss:0.5807, train:0.8384, val:0.8456, Test:0.8061
2022-08-28 18:03:52  | INFO> 0:00:34.898504  | Epoch:085, Loss:0.5821, train:0.8373, val:0.8486, Test:0.8092
2022-08-28 18:03:53  | INFO> 0:00:35.302595  | Epoch:086, Loss:0.5790, train:0.8424, val:0.8502, Test:0.8110
2022-08-28 18:03:53  | INFO> 0:00:35.702685  | Epoch:087, Loss:0.5811, train:0.8427, val:0.8478, Test:0.8083
2022-08-28 18:03:54  | INFO> 0:00:36.134783  | Epoch:088, Loss:0.5828, train:0.8379, val:0.8446, Test:0.8052
2022-08-28 18:03:54  | INFO> 0:00:36.540874  | Epoch:089, Loss:0.5822, train:0.8361, val:0.8461, Test:0.8067
2022-08-28 18:03:55  | INFO> 0:00:36.945966  | Epoch:090, Loss:0.5811, train:0.8375, val:0.8495, Test:0.8101
2022-08-28 18:03:55  | INFO> 0:00:37.359059  | Epoch:091, Loss:0.5807, train:0.8420, val:0.8491, Test:0.8096
2022-08-28 18:03:55  | INFO> 0:00:37.768153  | Epoch:092, Loss:0.5822, train:0.8393, val:0.8452, Test:0.8059
2022-08-28 18:03:56  | INFO> 0:00:38.182244  | Epoch:093, Loss:0.5844, train:0.8330, val:0.8436, Test:0.8042
2022-08-28 18:03:56  | INFO> 0:00:38.592336  | Epoch:094, Loss:0.5797, train:0.8375, val:0.8480, Test:0.8086
2022-08-28 18:03:57  | INFO> 0:00:38.999428  | Epoch:095, Loss:0.5790, train:0.8407, val:0.8506, Test:0.8113
2022-08-28 18:03:57  | INFO> 0:00:39.411521  | Epoch:096, Loss:0.5811, train:0.8442, val:0.8477, Test:0.8083
2022-08-28 18:03:57  | INFO> 0:00:39.809610  | Epoch:097, Loss:0.5804, train:0.8400, val:0.8438, Test:0.8043
2022-08-28 18:03:58  | INFO> 0:00:40.224704  | Epoch:098, Loss:0.5793, train:0.8385, val:0.8462, Test:0.8069
2022-08-28 18:03:58  | INFO> 0:00:40.622794  | Epoch:099, Loss:0.5802, train:0.8386, val:0.8496, Test:0.8100
2022-08-28 18:03:58  | INFO> 0:00:40.622794  | Final Val:0.8853
2022-08-28 18:03:58  | INFO> 0:00:40.622794  | Final Test:0.8536
2022-08-28 18:03:58  | INFO> 0:00:40.623795  | Final Weight:[0.7, 0.3]
2022-08-28 18:05:44  | INFO> 0:00:00.016003  | Namespace(dataset='lnc-dis', down_model='lgb', dropout=0.0, epoch=100, hidden_channels=[256, 128], lncRNA_miRNA='lncRNA_miRNA_association.csv', miRNA_disease='miRNA_disease_association.csv', num_edges=1180, num_features=233, num_nodes=267, out_channels=64, path_dataset='F:\\Python\\Python_learning\\BJUT\\LDASAG\\dataset/', pre_model=None, train='traindata', weight=[0.7, 0.3])
2022-08-28 18:05:45  | INFO> 0:00:00.912198  | Epoch:001, Loss:0.6965, train:0.8555, val:0.8448, Test:0.8646
2022-08-28 18:05:46  | INFO> 0:00:01.316289  | Epoch:002, Loss:0.6921, train:0.8583, val:0.8495, Test:0.8678
2022-08-28 18:05:46  | INFO> 0:00:01.710378  | Epoch:003, Loss:0.6866, train:0.8663, val:0.8528, Test:0.8702
2022-08-28 18:05:47  | INFO> 0:00:02.122471  | Epoch:004, Loss:0.6818, train:0.8685, val:0.8549, Test:0.8720
2022-08-28 18:05:47  | INFO> 0:00:02.527562  | Epoch:005, Loss:0.6776, train:0.8697, val:0.8560, Test:0.8727
2022-08-28 18:05:47  | INFO> 0:00:02.932655  | Epoch:006, Loss:0.6719, train:0.8704, val:0.8564, Test:0.8731
2022-08-28 18:05:48  | INFO> 0:00:03.344746  | Epoch:007, Loss:0.6649, train:0.8713, val:0.8566, Test:0.8732
2022-08-28 18:05:48  | INFO> 0:00:03.732833  | Epoch:008, Loss:0.6577, train:0.8725, val:0.8570, Test:0.8734
2022-08-28 18:05:49  | INFO> 0:00:04.135925  | Epoch:009, Loss:0.6511, train:0.8707, val:0.8577, Test:0.8739
2022-08-28 18:05:49  | INFO> 0:00:04.544016  | Epoch:010, Loss:0.6435, train:0.8717, val:0.8582, Test:0.8742
2022-08-28 18:05:49  | INFO> 0:00:04.954614  | Epoch:011, Loss:0.6378, train:0.8726, val:0.8580, Test:0.8739
2022-08-28 18:05:50  | INFO> 0:00:05.346546  | Epoch:012, Loss:0.6295, train:0.8750, val:0.8573, Test:0.8733
2022-08-28 18:05:50  | INFO> 0:00:05.754438  | Epoch:013, Loss:0.6253, train:0.8726, val:0.8563, Test:0.8724
2022-08-28 18:05:51  | INFO> 0:00:06.145526  | Epoch:014, Loss:0.6191, train:0.8734, val:0.8554, Test:0.8716
2022-08-28 18:05:51  | INFO> 0:00:06.530612  | Epoch:015, Loss:0.6149, train:0.8739, val:0.8541, Test:0.8706
2022-08-28 18:05:51  | INFO> 0:00:06.953007  | Epoch:016, Loss:0.6116, train:0.8737, val:0.8520, Test:0.8686
2022-08-28 18:05:52  | INFO> 0:00:07.337280  | Epoch:017, Loss:0.6102, train:0.8709, val:0.8492, Test:0.8658
2022-08-28 18:05:52  | INFO> 0:00:07.729508  | Epoch:018, Loss:0.6087, train:0.8690, val:0.8480, Test:0.8647
2022-08-28 18:05:53  | INFO> 0:00:08.115680  | Epoch:019, Loss:0.6065, train:0.8698, val:0.8476, Test:0.8647
2022-08-28 18:05:53  | INFO> 0:00:08.516770  | Epoch:020, Loss:0.6046, train:0.8714, val:0.8465, Test:0.8636
2022-08-28 18:05:53  | INFO> 0:00:08.913860  | Epoch:021, Loss:0.6055, train:0.8687, val:0.8443, Test:0.8611
2022-08-28 18:05:54  | INFO> 0:00:09.301947  | Epoch:022, Loss:0.6039, train:0.8690, val:0.8446, Test:0.8612
2022-08-28 18:05:54  | INFO> 0:00:09.722048  | Epoch:023, Loss:0.6034, train:0.8671, val:0.8459, Test:0.8625
2022-08-28 18:05:55  | INFO> 0:00:10.137137  | Epoch:024, Loss:0.6009, train:0.8707, val:0.8462, Test:0.8627
2022-08-28 18:05:55  | INFO> 0:00:10.559289  | Epoch:025, Loss:0.6007, train:0.8697, val:0.8451, Test:0.8613
2022-08-28 18:05:55  | INFO> 0:00:10.974147  | Epoch:026, Loss:0.5984, train:0.8726, val:0.8458, Test:0.8621
2022-08-28 18:05:56  | INFO> 0:00:11.403265  | Epoch:027, Loss:0.5998, train:0.8700, val:0.8462, Test:0.8625
2022-08-28 18:05:56  | INFO> 0:00:11.833361  | Epoch:028, Loss:0.6012, train:0.8680, val:0.8449, Test:0.8609
2022-08-28 18:05:57  | INFO> 0:00:12.251458  | Epoch:029, Loss:0.5981, train:0.8704, val:0.8454, Test:0.8616
2022-08-28 18:05:57  | INFO> 0:00:12.672550  | Epoch:030, Loss:0.5995, train:0.8686, val:0.8454, Test:0.8615
2022-08-28 18:05:58  | INFO> 0:00:13.090644  | Epoch:031, Loss:0.5973, train:0.8703, val:0.8445, Test:0.8604
2022-08-28 18:05:58  | INFO> 0:00:13.514740  | Epoch:032, Loss:0.5993, train:0.8653, val:0.8424, Test:0.8586
2022-08-28 18:05:58  | INFO> 0:00:13.933834  | Epoch:033, Loss:0.5964, train:0.8689, val:0.8440, Test:0.8603
2022-08-28 18:05:59  | INFO> 0:00:14.346928  | Epoch:034, Loss:0.5984, train:0.8665, val:0.8425, Test:0.8588
2022-08-28 18:05:59  | INFO> 0:00:14.775024  | Epoch:035, Loss:0.5985, train:0.8628, val:0.8400, Test:0.8561
2022-08-28 18:06:00  | INFO> 0:00:15.216123  | Epoch:036, Loss:0.5967, train:0.8641, val:0.8418, Test:0.8582
2022-08-28 18:06:00  | INFO> 0:00:15.644220  | Epoch:037, Loss:0.5957, train:0.8661, val:0.8419, Test:0.8585
2022-08-28 18:06:01  | INFO> 0:00:16.072316  | Epoch:038, Loss:0.5936, train:0.8668, val:0.8394, Test:0.8559
2022-08-28 18:06:01  | INFO> 0:00:16.468406  | Epoch:039, Loss:0.5921, train:0.8654, val:0.8393, Test:0.8559
2022-08-28 18:06:01  | INFO> 0:00:16.847491  | Epoch:040, Loss:0.5936, train:0.8641, val:0.8395, Test:0.8564
2022-08-28 18:06:02  | INFO> 0:00:17.242580  | Epoch:041, Loss:0.5882, train:0.8685, val:0.8397, Test:0.8567
2022-08-28 18:06:02  | INFO> 0:00:17.644671  | Epoch:042, Loss:0.5900, train:0.8655, val:0.8354, Test:0.8532
2022-08-28 18:06:02  | INFO> 0:00:18.036759  | Epoch:043, Loss:0.5902, train:0.8618, val:0.8363, Test:0.8541
2022-08-28 18:06:03  | INFO> 0:00:18.431848  | Epoch:044, Loss:0.5897, train:0.8614, val:0.8368, Test:0.8545
2022-08-28 18:06:03  | INFO> 0:00:18.831939  | Epoch:045, Loss:0.5902, train:0.8614, val:0.8303, Test:0.8487
2022-08-28 18:06:04  | INFO> 0:00:19.218025  | Epoch:046, Loss:0.5879, train:0.8589, val:0.8362, Test:0.8541
2022-08-28 18:06:04  | INFO> 0:00:19.617117  | Epoch:047, Loss:0.5882, train:0.8613, val:0.8323, Test:0.8509
2022-08-28 18:06:04  | INFO> 0:00:20.009203  | Epoch:048, Loss:0.5890, train:0.8563, val:0.8260, Test:0.8452
2022-08-28 18:06:05  | INFO> 0:00:20.408293  | Epoch:049, Loss:0.5874, train:0.8540, val:0.8339, Test:0.8526
2022-08-28 18:06:05  | INFO> 0:00:20.803383  | Epoch:050, Loss:0.5860, train:0.8610, val:0.8316, Test:0.8506
2022-08-28 18:06:06  | INFO> 0:00:21.196472  | Epoch:051, Loss:0.5877, train:0.8557, val:0.8215, Test:0.8419
2022-08-28 18:06:06  | INFO> 0:00:21.597563  | Epoch:052, Loss:0.5899, train:0.8465, val:0.8270, Test:0.8467
2022-08-28 18:06:06  | INFO> 0:00:21.993651  | Epoch:053, Loss:0.5858, train:0.8528, val:0.8324, Test:0.8517
2022-08-28 18:06:07  | INFO> 0:00:22.387338  | Epoch:054, Loss:0.5847, train:0.8596, val:0.8244, Test:0.8452
2022-08-28 18:06:07  | INFO> 0:00:22.773424  | Epoch:055, Loss:0.5846, train:0.8511, val:0.8192, Test:0.8409
2022-08-28 18:06:08  | INFO> 0:00:23.153509  | Epoch:056, Loss:0.5861, train:0.8468, val:0.8264, Test:0.8471
2022-08-28 18:06:08  | INFO> 0:00:23.542597  | Epoch:057, Loss:0.5844, train:0.8535, val:0.8277, Test:0.8482
2022-08-28 18:06:08  | INFO> 0:00:23.934723  | Epoch:058, Loss:0.5835, train:0.8546, val:0.8197, Test:0.8419
2022-08-28 18:06:09  | INFO> 0:00:24.338321  | Epoch:059, Loss:0.5857, train:0.8448, val:0.8181, Test:0.8407
2022-08-28 18:06:09  | INFO> 0:00:24.744628  | Epoch:060, Loss:0.5842, train:0.8450, val:0.8261, Test:0.8474
2022-08-28 18:06:10  | INFO> 0:00:25.183492  | Epoch:061, Loss:0.5810, train:0.8548, val:0.8235, Test:0.8457
2022-08-28 18:06:10  | INFO> 0:00:25.622591  | Epoch:062, Loss:0.5826, train:0.8504, val:0.8142, Test:0.8372
2022-08-28 18:06:11  | INFO> 0:00:26.044687  | Epoch:063, Loss:0.5801, train:0.8473, val:0.8209, Test:0.8438
2022-08-28 18:06:11  | INFO> 0:00:26.435774  | Epoch:064, Loss:0.5781, train:0.8519, val:0.8255, Test:0.8476
2022-08-28 18:06:11  | INFO> 0:00:26.826863  | Epoch:065, Loss:0.5849, train:0.8522, val:0.8159, Test:0.8396
2022-08-28 18:06:12  | INFO> 0:00:27.222951  | Epoch:066, Loss:0.5809, train:0.8456, val:0.8132, Test:0.8367
2022-08-28 18:06:12  | INFO> 0:00:27.627043  | Epoch:067, Loss:0.5826, train:0.8415, val:0.8209, Test:0.8442
2022-08-28 18:06:12  | INFO> 0:00:28.013121  | Epoch:068, Loss:0.5794, train:0.8504, val:0.8227, Test:0.8455
2022-08-28 18:06:13  | INFO> 0:00:28.402212  | Epoch:069, Loss:0.5780, train:0.8540, val:0.8162, Test:0.8399
2022-08-28 18:06:13  | INFO> 0:00:28.801302  | Epoch:070, Loss:0.5786, train:0.8475, val:0.8138, Test:0.8374
2022-08-28 18:06:14  | INFO> 0:00:29.200391  | Epoch:071, Loss:0.5818, train:0.8422, val:0.8172, Test:0.8411
2022-08-28 18:06:14  | INFO> 0:00:29.585478  | Epoch:072, Loss:0.5832, train:0.8448, val:0.8190, Test:0.8427
2022-08-28 18:06:14  | INFO> 0:00:29.963564  | Epoch:073, Loss:0.5783, train:0.8502, val:0.8170, Test:0.8410
2022-08-28 18:06:15  | INFO> 0:00:30.346650  | Epoch:074, Loss:0.5768, train:0.8497, val:0.8155, Test:0.8396
2022-08-28 18:06:15  | INFO> 0:00:30.736740  | Epoch:075, Loss:0.5829, train:0.8418, val:0.8138, Test:0.8378
2022-08-28 18:06:16  | INFO> 0:00:31.133832  | Epoch:076, Loss:0.5802, train:0.8432, val:0.8164, Test:0.8404
2022-08-28 18:06:16  | INFO> 0:00:31.532918  | Epoch:077, Loss:0.5769, train:0.8482, val:0.8180, Test:0.8422
2022-08-28 18:06:16  | INFO> 0:00:31.926006  | Epoch:078, Loss:0.5796, train:0.8481, val:0.8144, Test:0.8386
2022-08-28 18:06:17  | INFO> 0:00:32.318095  | Epoch:079, Loss:0.5782, train:0.8443, val:0.8125, Test:0.8368
2022-08-28 18:06:17  | INFO> 0:00:32.707182  | Epoch:080, Loss:0.5792, train:0.8425, val:0.8158, Test:0.8400
2022-08-28 18:06:18  | INFO> 0:00:33.107272  | Epoch:081, Loss:0.5808, train:0.8439, val:0.8157, Test:0.8399
2022-08-28 18:06:18  | INFO> 0:00:33.500361  | Epoch:082, Loss:0.5796, train:0.8452, val:0.8136, Test:0.8379
2022-08-28 18:06:18  | INFO> 0:00:33.894449  | Epoch:083, Loss:0.5784, train:0.8441, val:0.8136, Test:0.8379
2022-08-28 18:06:19  | INFO> 0:00:34.289540  | Epoch:084, Loss:0.5837, train:0.8395, val:0.8133, Test:0.8376
2022-08-28 18:06:19  | INFO> 0:00:34.690629  | Epoch:085, Loss:0.5788, train:0.8431, val:0.8153, Test:0.8395
2022-08-28 18:06:20  | INFO> 0:00:35.079717  | Epoch:086, Loss:0.5797, train:0.8448, val:0.8140, Test:0.8382
2022-08-28 18:06:20  | INFO> 0:00:35.468806  | Epoch:087, Loss:0.5790, train:0.8436, val:0.8127, Test:0.8371
2022-08-28 18:06:20  | INFO> 0:00:35.863893  | Epoch:088, Loss:0.5816, train:0.8405, val:0.8123, Test:0.8368
2022-08-28 18:06:21  | INFO> 0:00:36.260983  | Epoch:089, Loss:0.5796, train:0.8421, val:0.8146, Test:0.8388
2022-08-28 18:06:21  | INFO> 0:00:36.662603  | Epoch:090, Loss:0.5792, train:0.8448, val:0.8145, Test:0.8386
2022-08-28 18:06:22  | INFO> 0:00:37.052981  | Epoch:091, Loss:0.5800, train:0.8437, val:0.8112, Test:0.8356
2022-08-28 18:06:22  | INFO> 0:00:37.445238  | Epoch:092, Loss:0.5808, train:0.8394, val:0.8118, Test:0.8363
2022-08-28 18:06:22  | INFO> 0:00:37.841155  | Epoch:093, Loss:0.5797, train:0.8406, val:0.8151, Test:0.8392
2022-08-28 18:06:23  | INFO> 0:00:38.233249  | Epoch:094, Loss:0.5794, train:0.8455, val:0.8138, Test:0.8380
2022-08-28 18:06:23  | INFO> 0:00:38.635347  | Epoch:095, Loss:0.5783, train:0.8450, val:0.8106, Test:0.8351
2022-08-28 18:06:23  | INFO> 0:00:39.024455  | Epoch:096, Loss:0.5790, train:0.8407, val:0.8130, Test:0.8375
2022-08-28 18:06:24  | INFO> 0:00:39.436041  | Epoch:097, Loss:0.5786, train:0.8437, val:0.8146, Test:0.8387
2022-08-28 18:06:24  | INFO> 0:00:39.835175  | Epoch:098, Loss:0.5784, train:0.8450, val:0.8106, Test:0.8351
2022-08-28 18:06:25  | INFO> 0:00:40.223262  | Epoch:099, Loss:0.5772, train:0.8422, val:0.8114, Test:0.8360
2022-08-28 18:06:25  | INFO> 0:00:40.223262  | Final Val:0.8582
2022-08-28 18:06:25  | INFO> 0:00:40.223262  | Final Test:0.8742
2022-08-28 18:06:25  | INFO> 0:00:40.224262  | Final Weight:[0.7, 0.3]
2022-08-28 18:06:25  | INFO> 0:00:40.225265  | the downModel: lgb
2022-08-28 18:08:10  | INFO> 0:00:00.018004  | Namespace(dataset='lnc-dis', down_model='lgb', dropout=0.0, epoch=10, hidden_channels=[256, 128], lncRNA_miRNA='lncRNA_miRNA_association.csv', miRNA_disease='miRNA_disease_association.csv', num_edges=1180, num_features=233, num_nodes=267, out_channels=64, path_dataset='F:\\Python\\Python_learning\\BJUT\\LDASAG\\dataset/', pre_model=None, train='traindata', weight=[0.7, 0.3])
2022-08-28 18:08:11  | INFO> 0:00:00.879186  | Epoch:001, Loss:0.6981, train:0.8528, val:0.8598, Test:0.8482
2022-08-28 18:08:12  | INFO> 0:00:01.281278  | Epoch:002, Loss:0.6939, train:0.8610, val:0.8645, Test:0.8519
2022-08-28 18:08:12  | INFO> 0:00:01.674366  | Epoch:003, Loss:0.6899, train:0.8621, val:0.8677, Test:0.8547
2022-08-28 18:08:12  | INFO> 0:00:02.068454  | Epoch:004, Loss:0.6853, train:0.8672, val:0.8701, Test:0.8569
2022-08-28 18:08:13  | INFO> 0:00:02.460544  | Epoch:005, Loss:0.6806, train:0.8729, val:0.8722, Test:0.8586
2022-08-28 18:08:13  | INFO> 0:00:02.847630  | Epoch:006, Loss:0.6781, train:0.8712, val:0.8735, Test:0.8595
2022-08-28 18:08:14  | INFO> 0:00:03.235720  | Epoch:007, Loss:0.6745, train:0.8726, val:0.8739, Test:0.8599
2022-08-28 18:08:14  | INFO> 0:00:03.628806  | Epoch:008, Loss:0.6690, train:0.8725, val:0.8737, Test:0.8600
2022-08-28 18:08:14  | INFO> 0:00:04.025899  | Epoch:009, Loss:0.6632, train:0.8720, val:0.8736, Test:0.8600
2022-08-28 18:08:14  | INFO> 0:00:04.025899  | Final Val:0.8739
2022-08-28 18:08:14  | INFO> 0:00:04.025899  | Final Test:0.8599
2022-08-28 18:08:14  | INFO> 0:00:04.026899  | Final Weight:[0.7, 0.3]
2022-08-28 18:08:14  | INFO> 0:00:04.026899  | the downModel: lgb
2022-08-28 18:09:29  | INFO> 0:00:00.017010  | Namespace(dataset='lnc-dis', down_model='lgb', dropout=0.0, epoch=10, hidden_channels=[256, 128], lncRNA_miRNA='lncRNA_miRNA_association.csv', miRNA_disease='miRNA_disease_association.csv', num_edges=1180, num_features=233, num_nodes=267, out_channels=64, path_dataset='F:\\Python\\Python_learning\\BJUT\\LDASAG\\dataset/', pre_model=None, train='traindata', weight=[0.7, 0.3])
2022-08-28 18:09:30  | INFO> 0:00:00.894187  | Epoch:001, Loss:0.6985, train:0.8584, val:0.8602, Test:0.8530
2022-08-28 18:09:30  | INFO> 0:00:01.288276  | Epoch:002, Loss:0.6942, train:0.8617, val:0.8638, Test:0.8568
2022-08-28 18:09:31  | INFO> 0:00:01.676473  | Epoch:003, Loss:0.6889, train:0.8681, val:0.8661, Test:0.8595
2022-08-28 18:09:31  | INFO> 0:00:02.064139  | Epoch:004, Loss:0.6841, train:0.8705, val:0.8679, Test:0.8616
2022-08-28 18:09:31  | INFO> 0:00:02.471245  | Epoch:005, Loss:0.6801, train:0.8718, val:0.8688, Test:0.8630
2022-08-28 18:09:32  | INFO> 0:00:02.868321  | Epoch:006, Loss:0.6757, train:0.8762, val:0.8691, Test:0.8635
2022-08-28 18:09:32  | INFO> 0:00:03.258408  | Epoch:007, Loss:0.6716, train:0.8747, val:0.8690, Test:0.8637
2022-08-28 18:09:33  | INFO> 0:00:03.647234  | Epoch:008, Loss:0.6655, train:0.8732, val:0.8687, Test:0.8637
2022-08-28 18:09:33  | INFO> 0:00:04.036333  | Epoch:009, Loss:0.6587, train:0.8761, val:0.8681, Test:0.8637
2022-08-28 18:09:33  | INFO> 0:00:04.037335  | Final Val:0.8691
2022-08-28 18:09:33  | INFO> 0:00:04.037335  | Final Test:0.8635
2022-08-28 18:09:33  | INFO> 0:00:04.037335  | Final Weight:[0.7, 0.3]
2022-08-28 18:09:33  | INFO> 0:00:04.038334  | the downModel: lgb
2022-08-28 18:13:24  | INFO> 0:00:00.018003  | Namespace(dataset='lnc-dis', down_model='lgb', dropout=0.0, epoch=10, hidden_channels=[256, 128], lncRNA_miRNA='lncRNA_miRNA_association.csv', miRNA_disease='miRNA_disease_association.csv', num_edges=1180, num_features=233, num_nodes=267, out_channels=64, path_dataset='F:\\Python\\Python_learning\\BJUT\\LDASAG\\dataset/', pre_model=None, train='traindata', weight=[0.7, 0.3])
2022-08-28 18:13:25  | INFO> 0:00:00.883197  | Epoch:001, Loss:0.7001, train:0.8606, val:0.8488, Test:0.8436
2022-08-28 18:13:26  | INFO> 0:00:01.268284  | Epoch:002, Loss:0.6966, train:0.8637, val:0.8517, Test:0.8464
2022-08-28 18:13:26  | INFO> 0:00:01.678375  | Epoch:003, Loss:0.6920, train:0.8680, val:0.8535, Test:0.8485
2022-08-28 18:13:26  | INFO> 0:00:02.079467  | Epoch:004, Loss:0.6876, train:0.8689, val:0.8552, Test:0.8498
2022-08-28 18:13:27  | INFO> 0:00:02.478556  | Epoch:005, Loss:0.6824, train:0.8755, val:0.8561, Test:0.8505
2022-08-28 18:13:27  | INFO> 0:00:02.902652  | Epoch:006, Loss:0.6799, train:0.8734, val:0.8563, Test:0.8505
2022-08-28 18:13:28  | INFO> 0:00:03.310744  | Epoch:007, Loss:0.6743, train:0.8728, val:0.8561, Test:0.8502
2022-08-28 18:13:28  | INFO> 0:00:03.709841  | Epoch:008, Loss:0.6674, train:0.8733, val:0.8558, Test:0.8497
2022-08-28 18:13:28  | INFO> 0:00:04.099556  | Epoch:009, Loss:0.6603, train:0.8755, val:0.8556, Test:0.8490
2022-08-28 18:13:28  | INFO> 0:00:04.100558  | Final Val:0.8563
2022-08-28 18:13:28  | INFO> 0:00:04.100558  | Final Test:0.8505
2022-08-28 18:13:28  | INFO> 0:00:04.100558  | Final Weight:[0.7, 0.3]
2022-08-28 18:13:28  | INFO> 0:00:04.101557  | the downModel: lgb
2022-08-28 18:26:05  | INFO> 0:00:00.017002  | Namespace(dataset='lnc-dis', down_model='lgb', dropout=0.0, epoch=10, hidden_channels=[256, 128], lncRNA_miRNA='lncRNA_miRNA_association.csv', miRNA_disease='miRNA_disease_association.csv', num_edges=1180, num_features=233, num_nodes=267, out_channels=64, path_dataset='F:\\Python\\Python_learning\\BJUT\\LDASAG\\dataset/', pre_model=None, train='traindata', weight=[0.7, 0.3])
2022-08-28 18:26:06  | INFO> 0:00:00.954212  | Epoch:001, Loss:0.7045, train:0.8588, val:0.8455, Test:0.8828
2022-08-28 18:26:07  | INFO> 0:00:01.354304  | Epoch:002, Loss:0.7007, train:0.8624, val:0.8502, Test:0.8862
2022-08-28 18:26:07  | INFO> 0:00:01.748394  | Epoch:003, Loss:0.6958, train:0.8657, val:0.8532, Test:0.8879
2022-08-28 18:26:08  | INFO> 0:00:02.137478  | Epoch:004, Loss:0.6895, train:0.8710, val:0.8557, Test:0.8892
2022-08-28 18:26:08  | INFO> 0:00:02.529567  | Epoch:005, Loss:0.6823, train:0.8738, val:0.8574, Test:0.8895
2022-08-28 18:26:08  | INFO> 0:00:02.933658  | Epoch:006, Loss:0.6752, train:0.8742, val:0.8583, Test:0.8892
2022-08-28 18:26:09  | INFO> 0:00:03.321746  | Epoch:007, Loss:0.6682, train:0.8735, val:0.8582, Test:0.8883
2022-08-28 18:26:09  | INFO> 0:00:03.723836  | Epoch:008, Loss:0.6562, train:0.8792, val:0.8575, Test:0.8868
2022-08-28 18:26:09  | INFO> 0:00:04.119925  | Epoch:009, Loss:0.6489, train:0.8749, val:0.8563, Test:0.8848
2022-08-28 18:26:09  | INFO> 0:00:04.120925  | Final Val:0.8583
2022-08-28 18:26:09  | INFO> 0:00:04.120925  | Final Test:0.8892
2022-08-28 18:26:09  | INFO> 0:00:04.120925  | Final Weight:[0.7, 0.3]
2022-08-28 18:26:09  | INFO> 0:00:04.121926  | the downModel: lgb
2022-08-28 18:26:30  | INFO> 0:00:00.016003  | Namespace(dataset='lnc-dis', down_model='lgb', dropout=0.0, epoch=10, hidden_channels=[256, 128], lncRNA_miRNA='lncRNA_miRNA_association.csv', miRNA_disease='miRNA_disease_association.csv', num_edges=1180, num_features=233, num_nodes=267, out_channels=64, path_dataset='F:\\Python\\Python_learning\\BJUT\\LDASAG\\dataset/', pre_model=None, train='traindata', weight=[0.7, 0.3])
2022-08-28 18:26:31  | INFO> 0:00:01.022775  | Epoch:001, Loss:0.7050, train:0.8452, val:0.8363, Test:0.8636
2022-08-28 18:26:32  | INFO> 0:00:01.503938  | Epoch:002, Loss:0.7007, train:0.8574, val:0.8421, Test:0.8682
2022-08-28 18:26:32  | INFO> 0:00:01.912018  | Epoch:003, Loss:0.6954, train:0.8632, val:0.8458, Test:0.8714
2022-08-28 18:26:32  | INFO> 0:00:02.308104  | Epoch:004, Loss:0.6895, train:0.8673, val:0.8487, Test:0.8737
2022-08-28 18:26:33  | INFO> 0:00:02.704194  | Epoch:005, Loss:0.6835, train:0.8689, val:0.8505, Test:0.8753
2022-08-28 18:26:33  | INFO> 0:00:03.093281  | Epoch:006, Loss:0.6773, train:0.8741, val:0.8515, Test:0.8762
2022-08-28 18:26:33  | INFO> 0:00:03.490372  | Epoch:007, Loss:0.6739, train:0.8691, val:0.8513, Test:0.8761
2022-08-28 18:26:34  | INFO> 0:00:03.897471  | Epoch:008, Loss:0.6660, train:0.8698, val:0.8506, Test:0.8755
2022-08-28 18:26:34  | INFO> 0:00:04.299781  | Epoch:009, Loss:0.6576, train:0.8709, val:0.8496, Test:0.8748
2022-08-28 18:26:34  | INFO> 0:00:04.300782  | Final Val:0.8515
2022-08-28 18:26:34  | INFO> 0:00:04.300782  | Final Test:0.8762
2022-08-28 18:26:34  | INFO> 0:00:04.301783  | Final Weight:[0.7, 0.3]
2022-08-28 18:26:34  | INFO> 0:00:04.301783  | the downModel: lgb
2022-08-28 18:28:11  | INFO> 0:00:00.015998  | Namespace(dataset='lnc-dis', down_model='lgb', dropout=0.0, epoch=10, hidden_channels=[256, 128], lncRNA_miRNA='lncRNA_miRNA_association.csv', miRNA_disease='miRNA_disease_association.csv', num_edges=1180, num_features=233, num_nodes=267, out_channels=64, path_dataset='F:\\Python\\Python_learning\\BJUT\\LDASAG\\dataset/', pre_model=None, train='traindata', weight=[0.7, 0.3])
2022-08-28 18:28:12  | INFO> 0:00:00.907190  | Epoch:001, Loss:0.6990, train:0.8479, val:0.8448, Test:0.8633
2022-08-28 18:28:12  | INFO> 0:00:01.334284  | Epoch:002, Loss:0.6951, train:0.8610, val:0.8487, Test:0.8661
2022-08-28 18:28:13  | INFO> 0:00:01.755381  | Epoch:003, Loss:0.6910, train:0.8639, val:0.8513, Test:0.8678
2022-08-28 18:28:13  | INFO> 0:00:02.146476  | Epoch:004, Loss:0.6870, train:0.8628, val:0.8536, Test:0.8693
2022-08-28 18:28:14  | INFO> 0:00:02.557561  | Epoch:005, Loss:0.6819, train:0.8695, val:0.8557, Test:0.8704
2022-08-28 18:28:14  | INFO> 0:00:02.965607  | Epoch:006, Loss:0.6776, train:0.8727, val:0.8573, Test:0.8710
2022-08-28 18:28:14  | INFO> 0:00:03.517560  | Epoch:007, Loss:0.6738, train:0.8734, val:0.8579, Test:0.8712
2022-08-28 18:28:15  | INFO> 0:00:03.928651  | Epoch:008, Loss:0.6700, train:0.8699, val:0.8579, Test:0.8708
2022-08-28 18:28:15  | INFO> 0:00:04.330743  | Epoch:009, Loss:0.6608, train:0.8761, val:0.8579, Test:0.8704
2022-08-28 18:28:15  | INFO> 0:00:04.331743  | Final Val:0.8579
2022-08-28 18:28:15  | INFO> 0:00:04.331743  | Final Test:0.8712
2022-08-28 18:28:15  | INFO> 0:00:04.331743  | Final Weight:[0.7, 0.3]
2022-08-28 18:28:15  | INFO> 0:00:04.332743  | the downModel: lgb
2022-08-28 18:28:26  | INFO> 0:00:00.016013  | Namespace(dataset='lnc-dis', down_model='lgb', dropout=0.0, epoch=10, hidden_channels=[256, 128], lncRNA_miRNA='lncRNA_miRNA_association.csv', miRNA_disease='miRNA_disease_association.csv', num_edges=1180, num_features=233, num_nodes=267, out_channels=64, path_dataset='F:\\Python\\Python_learning\\BJUT\\LDASAG\\dataset/', pre_model=None, train='traindata', weight=[0.7, 0.3])
2022-08-28 18:28:26  | INFO> 0:00:00.913198  | Epoch:001, Loss:0.7039, train:0.8537, val:0.8580, Test:0.8494
2022-08-28 18:28:27  | INFO> 0:00:01.325291  | Epoch:002, Loss:0.6996, train:0.8655, val:0.8615, Test:0.8525
2022-08-28 18:28:27  | INFO> 0:00:01.735382  | Epoch:003, Loss:0.6945, train:0.8691, val:0.8639, Test:0.8545
2022-08-28 18:28:28  | INFO> 0:00:02.154478  | Epoch:004, Loss:0.6884, train:0.8701, val:0.8658, Test:0.8560
2022-08-28 18:28:28  | INFO> 0:00:02.586582  | Epoch:005, Loss:0.6830, train:0.8673, val:0.8671, Test:0.8570
2022-08-28 18:28:29  | INFO> 0:00:03.109698  | Epoch:006, Loss:0.6766, train:0.8709, val:0.8676, Test:0.8575
2022-08-28 18:28:29  | INFO> 0:00:03.658774  | Epoch:007, Loss:0.6702, train:0.8750, val:0.8675, Test:0.8571
2022-08-28 18:28:30  | INFO> 0:00:04.222246  | Epoch:008, Loss:0.6637, train:0.8750, val:0.8672, Test:0.8563
2022-08-28 18:28:30  | INFO> 0:00:04.670347  | Epoch:009, Loss:0.6577, train:0.8704, val:0.8665, Test:0.8548
2022-08-28 18:28:30  | INFO> 0:00:04.671346  | Final Val:0.8676
2022-08-28 18:28:30  | INFO> 0:00:04.671346  | Final Test:0.8575
2022-08-28 18:28:30  | INFO> 0:00:04.672346  | Final Weight:[0.7, 0.3]
2022-08-28 18:28:30  | INFO> 0:00:04.673347  | the downModel: lgb
2022-08-28 18:29:44  | INFO> 0:00:00.021018  | Namespace(dataset='lnc-dis', down_model='lgb', dropout=0.0, epoch=10, hidden_channels=[256, 128], lncRNA_miRNA='lncRNA_miRNA_association.csv', miRNA_disease='miRNA_disease_association.csv', num_edges=1180, num_features=233, num_nodes=267, out_channels=64, path_dataset='F:\\Python\\Python_learning\\BJUT\\LDASAG\\dataset/', pre_model=None, train='traindata', weight=[0.7, 0.3])
2022-08-28 18:29:45  | INFO> 0:00:00.951213  | Epoch:001, Loss:0.6957, train:0.8546, val:0.8397, Test:0.8430
2022-08-28 18:29:46  | INFO> 0:00:01.425882  | Epoch:002, Loss:0.6909, train:0.8606, val:0.8432, Test:0.8454
2022-08-28 18:29:46  | INFO> 0:00:01.860983  | Epoch:003, Loss:0.6856, train:0.8650, val:0.8467, Test:0.8474
2022-08-28 18:29:46  | INFO> 0:00:02.294463  | Epoch:004, Loss:0.6792, train:0.8700, val:0.8499, Test:0.8491
2022-08-28 18:29:47  | INFO> 0:00:02.685551  | Epoch:005, Loss:0.6739, train:0.8705, val:0.8522, Test:0.8503
2022-08-28 18:29:47  | INFO> 0:00:03.087642  | Epoch:006, Loss:0.6695, train:0.8721, val:0.8532, Test:0.8505
2022-08-28 18:29:48  | INFO> 0:00:03.480730  | Epoch:007, Loss:0.6625, train:0.8760, val:0.8536, Test:0.8502
2022-08-28 18:29:48  | INFO> 0:00:03.878760  | Epoch:008, Loss:0.6553, train:0.8757, val:0.8536, Test:0.8496
2022-08-28 18:29:48  | INFO> 0:00:04.362413  | Epoch:009, Loss:0.6464, train:0.8789, val:0.8540, Test:0.8489
2022-08-28 18:29:48  | INFO> 0:00:04.362413  | Final Val:0.8540
2022-08-28 18:29:48  | INFO> 0:00:04.362413  | Final Test:0.8489
2022-08-28 18:29:48  | INFO> 0:00:04.363412  | Final Weight:[0.7, 0.3]
2022-08-28 18:29:48  | INFO> 0:00:04.364413  | the downModel: lgb
2022-08-28 18:31:31  | INFO> 0:00:00.017004  | Namespace(dataset='lnc-dis', down_model='lgb', dropout=0.0, epoch=10, hidden_channels=[256, 128], lncRNA_miRNA='lncRNA_miRNA_association.csv', miRNA_disease='miRNA_disease_association.csv', num_edges=1180, num_features=233, num_nodes=267, out_channels=64, path_dataset='F:\\Python\\Python_learning\\BJUT\\LDASAG\\dataset/', pre_model=None, train='traindata', weight=[0.7, 0.3])
2022-08-28 18:31:32  | INFO> 0:00:00.962217  | Epoch:001, Loss:0.7002, train:0.8598, val:0.8524, Test:0.8455
2022-08-28 18:31:32  | INFO> 0:00:01.559350  | Epoch:002, Loss:0.6955, train:0.8673, val:0.8564, Test:0.8487
2022-08-28 18:31:33  | INFO> 0:00:02.048460  | Epoch:003, Loss:0.6903, train:0.8705, val:0.8589, Test:0.8509
2022-08-28 18:31:33  | INFO> 0:00:02.547574  | Epoch:004, Loss:0.6853, train:0.8719, val:0.8613, Test:0.8529
2022-08-28 18:31:34  | INFO> 0:00:02.941661  | Epoch:005, Loss:0.6808, train:0.8729, val:0.8628, Test:0.8541
2022-08-28 18:31:34  | INFO> 0:00:03.338767  | Epoch:006, Loss:0.6771, train:0.8725, val:0.8633, Test:0.8546
2022-08-28 18:31:35  | INFO> 0:00:03.731053  | Epoch:007, Loss:0.6698, train:0.8754, val:0.8631, Test:0.8547
2022-08-28 18:31:35  | INFO> 0:00:04.115138  | Epoch:008, Loss:0.6627, train:0.8767, val:0.8627, Test:0.8547
2022-08-28 18:31:35  | INFO> 0:00:04.506226  | Epoch:009, Loss:0.6548, train:0.8761, val:0.8624, Test:0.8545
2022-08-28 18:31:35  | INFO> 0:00:04.506226  | Final Val:0.8633
2022-08-28 18:31:35  | INFO> 0:00:04.507226  | Final Test:0.8546
2022-08-28 18:31:35  | INFO> 0:00:04.507226  | Final Weight:[0.7, 0.3]
2022-08-28 18:31:35  | INFO> 0:00:04.507226  | the downModel: lgb
2022-08-28 18:35:07  | INFO> 0:00:00.017011  | Namespace(dataset='lnc-dis', down_model='lgb', dropout=0.0, epoch=10, hidden_channels=[256, 128], lncRNA_miRNA='lncRNA_miRNA_association.csv', miRNA_disease='miRNA_disease_association.csv', num_edges=1180, num_features=233, num_nodes=267, out_channels=64, path_dataset='F:\\Python\\Python_learning\\BJUT\\LDASAG\\dataset/', pre_model=None, train='traindata', weight=[0.7, 0.3])
2022-08-28 18:35:08  | INFO> 0:00:00.887218  | Epoch:001, Loss:0.7071, train:0.8496, val:0.8591, Test:0.8431
2022-08-28 18:35:08  | INFO> 0:00:01.301325  | Epoch:002, Loss:0.7035, train:0.8561, val:0.8641, Test:0.8486
2022-08-28 18:35:09  | INFO> 0:00:01.709417  | Epoch:003, Loss:0.6988, train:0.8640, val:0.8679, Test:0.8528
2022-08-28 18:35:09  | INFO> 0:00:02.125513  | Epoch:004, Loss:0.6930, train:0.8688, val:0.8704, Test:0.8555
2022-08-28 18:35:09  | INFO> 0:00:02.536606  | Epoch:005, Loss:0.6860, train:0.8722, val:0.8717, Test:0.8572
2022-08-28 18:35:10  | INFO> 0:00:02.946698  | Epoch:006, Loss:0.6783, train:0.8744, val:0.8724, Test:0.8581
2022-08-28 18:35:10  | INFO> 0:00:03.344786  | Epoch:007, Loss:0.6720, train:0.8716, val:0.8722, Test:0.8580
2022-08-28 18:35:11  | INFO> 0:00:03.756879  | Epoch:008, Loss:0.6649, train:0.8743, val:0.8715, Test:0.8571
2022-08-28 18:35:11  | INFO> 0:00:04.149967  | Epoch:009, Loss:0.6553, train:0.8735, val:0.8698, Test:0.8554
2022-08-28 18:35:11  | INFO> 0:00:04.149967  | Final Val:0.8724
2022-08-28 18:35:11  | INFO> 0:00:04.149967  | Final Test:0.8581
2022-08-28 18:35:11  | INFO> 0:00:04.150968  | Final Weight:[0.7, 0.3]
2022-08-28 18:35:11  | INFO> 0:00:04.150968  | the downModel: lgb
2022-08-28 18:38:05  | INFO> 0:00:00.017003  | Namespace(dataset='lnc-dis', down_model='lgb', dropout=0.0, epoch=10, hidden_channels=[256, 128], lncRNA_miRNA='lncRNA_miRNA_association.csv', miRNA_disease='miRNA_disease_association.csv', num_edges=1180, num_features=233, num_nodes=267, out_channels=64, path_dataset='F:\\Python\\Python_learning\\BJUT\\LDASAG\\dataset/', pre_model=None, train='traindata', weight=[0.7, 0.3])
2022-08-28 18:38:06  | INFO> 0:00:00.923250  | Epoch:001, Loss:0.7001, train:0.8545, val:0.8466, Test:0.8554
2022-08-28 18:38:06  | INFO> 0:00:01.300377  | Epoch:002, Loss:0.6960, train:0.8612, val:0.8499, Test:0.8590
2022-08-28 18:38:06  | INFO> 0:00:01.693478  | Epoch:003, Loss:0.6906, train:0.8688, val:0.8528, Test:0.8616
2022-08-28 18:38:07  | INFO> 0:00:02.097638  | Epoch:004, Loss:0.6852, train:0.8668, val:0.8555, Test:0.8639
2022-08-28 18:38:07  | INFO> 0:00:02.493712  | Epoch:005, Loss:0.6784, train:0.8728, val:0.8579, Test:0.8659
2022-08-28 18:38:08  | INFO> 0:00:02.898805  | Epoch:006, Loss:0.6744, train:0.8732, val:0.8592, Test:0.8669
2022-08-28 18:38:08  | INFO> 0:00:03.302579  | Epoch:007, Loss:0.6719, train:0.8767, val:0.8595, Test:0.8668
2022-08-28 18:38:08  | INFO> 0:00:03.701005  | Epoch:008, Loss:0.6686, train:0.8736, val:0.8590, Test:0.8660
2022-08-28 18:38:09  | INFO> 0:00:04.096099  | Epoch:009, Loss:0.6602, train:0.8766, val:0.8585, Test:0.8650
2022-08-28 18:38:09  | INFO> 0:00:04.097093  | Final Val:0.8595
2022-08-28 18:38:09  | INFO> 0:00:04.097093  | Final Test:0.8668
2022-08-28 18:38:09  | INFO> 0:00:04.097093  | Final Weight:[0.7, 0.3]
2022-08-28 18:38:09  | INFO> 0:00:04.098093  | the downModel: lgb
2022-08-28 18:40:15  | INFO> 0:00:00.017002  | Namespace(dataset='lnc-dis', down_model='lgb', dropout=0.0, epoch=10, hidden_channels=[256, 128], lncRNA_miRNA='lncRNA_miRNA_association.csv', miRNA_disease='miRNA_disease_association.csv', num_edges=1180, num_features=233, num_nodes=267, out_channels=64, path_dataset='F:\\Python\\Python_learning\\BJUT\\LDASAG\\dataset/', pre_model=None, train='traindata', weight=[0.7, 0.3])
2022-08-28 18:40:16  | INFO> 0:00:00.910195  | Epoch:001, Loss:0.7071, train:0.8579, val:0.8389, Test:0.8429
2022-08-28 18:40:16  | INFO> 0:00:01.310287  | Epoch:002, Loss:0.7022, train:0.8602, val:0.8422, Test:0.8462
2022-08-28 18:40:17  | INFO> 0:00:01.702374  | Epoch:003, Loss:0.6963, train:0.8638, val:0.8454, Test:0.8491
2022-08-28 18:40:17  | INFO> 0:00:02.107464  | Epoch:004, Loss:0.6888, train:0.8671, val:0.8477, Test:0.8510
2022-08-28 18:40:18  | INFO> 0:00:02.499553  | Epoch:005, Loss:0.6804, train:0.8697, val:0.8495, Test:0.8525
2022-08-28 18:40:18  | INFO> 0:00:02.907645  | Epoch:006, Loss:0.6723, train:0.8693, val:0.8504, Test:0.8529
2022-08-28 18:40:18  | INFO> 0:00:03.311735  | Epoch:007, Loss:0.6640, train:0.8737, val:0.8504, Test:0.8525
2022-08-28 18:40:19  | INFO> 0:00:03.724347  | Epoch:008, Loss:0.6577, train:0.8724, val:0.8494, Test:0.8514
2022-08-28 18:40:19  | INFO> 0:00:04.120480  | Epoch:009, Loss:0.6488, train:0.8709, val:0.8474, Test:0.8493
2022-08-28 18:40:19  | INFO> 0:00:04.120480  | Final Val:0.8504
2022-08-28 18:40:19  | INFO> 0:00:04.121480  | Final Test:0.8525
2022-08-28 18:40:19  | INFO> 0:00:04.121480  | Final Weight:[0.7, 0.3]
2022-08-28 18:40:19  | INFO> 0:00:04.121480  | the downModel: lgb
2022-08-28 18:40:48  | INFO> 0:00:00.016009  | Namespace(dataset='lnc-dis', down_model='lgb', dropout=0.0, epoch=10, hidden_channels=[256, 128], lncRNA_miRNA='lncRNA_miRNA_association.csv', miRNA_disease='miRNA_disease_association.csv', num_edges=1180, num_features=233, num_nodes=267, out_channels=64, path_dataset='F:\\Python\\Python_learning\\BJUT\\LDASAG\\dataset/', pre_model=None, train='traindata', weight=[0.7, 0.3])
2022-08-28 18:40:49  | INFO> 0:00:00.885191  | Epoch:001, Loss:0.7024, train:0.8601, val:0.8719, Test:0.8608
2022-08-28 18:40:50  | INFO> 0:00:01.275941  | Epoch:002, Loss:0.6977, train:0.8652, val:0.8752, Test:0.8637
2022-08-28 18:40:50  | INFO> 0:00:01.677461  | Epoch:003, Loss:0.6919, train:0.8703, val:0.8778, Test:0.8660
2022-08-28 18:40:50  | INFO> 0:00:02.079550  | Epoch:004, Loss:0.6858, train:0.8703, val:0.8800, Test:0.8679
2022-08-28 18:40:51  | INFO> 0:00:02.467638  | Epoch:005, Loss:0.6790, train:0.8725, val:0.8812, Test:0.8689
2022-08-28 18:40:51  | INFO> 0:00:02.869729  | Epoch:006, Loss:0.6746, train:0.8722, val:0.8816, Test:0.8693
2022-08-28 18:40:52  | INFO> 0:00:03.273821  | Epoch:007, Loss:0.6683, train:0.8729, val:0.8812, Test:0.8691
2022-08-28 18:40:52  | INFO> 0:00:03.703917  | Epoch:008, Loss:0.6604, train:0.8744, val:0.8804, Test:0.8684
2022-08-28 18:40:52  | INFO> 0:00:04.101008  | Epoch:009, Loss:0.6534, train:0.8714, val:0.8791, Test:0.8673
2022-08-28 18:40:52  | INFO> 0:00:04.102008  | Final Val:0.8816
2022-08-28 18:40:52  | INFO> 0:00:04.102008  | Final Test:0.8693
2022-08-28 18:40:52  | INFO> 0:00:04.102008  | Final Weight:[0.7, 0.3]
2022-08-28 18:40:52  | INFO> 0:00:04.103008  | the downModel: lgb
2022-08-28 18:42:01  | INFO> 0:00:00.006001  | Namespace(dataset='lnc-dis', down_model='lgb', dropout=0.0, epoch=10, hidden_channels=[256, 128], lncRNA_miRNA='lncRNA_miRNA_association.csv', miRNA_disease='miRNA_disease_association.csv', num_edges=1180, num_features=233, num_nodes=267, out_channels=64, path_dataset='F:\\Python\\Python_learning\\BJUT\\LDASAG\\dataset/', pre_model=None, train='traindata', weight=[0.7, 0.3])
2022-08-28 18:42:01  | INFO> 0:00:00.860186  | Epoch:001, Loss:0.6970, train:0.8558, val:0.8514, Test:0.8557
2022-08-28 18:42:02  | INFO> 0:00:01.232270  | Epoch:002, Loss:0.6924, train:0.8621, val:0.8554, Test:0.8586
2022-08-28 18:42:02  | INFO> 0:00:01.613355  | Epoch:003, Loss:0.6867, train:0.8673, val:0.8583, Test:0.8607
2022-08-28 18:42:03  | INFO> 0:00:01.982505  | Epoch:004, Loss:0.6806, train:0.8685, val:0.8608, Test:0.8624
2022-08-28 18:42:03  | INFO> 0:00:02.348862  | Epoch:005, Loss:0.6746, train:0.8731, val:0.8628, Test:0.8637
2022-08-28 18:42:03  | INFO> 0:00:02.714745  | Epoch:006, Loss:0.6724, train:0.8746, val:0.8632, Test:0.8641
2022-08-28 18:42:04  | INFO> 0:00:03.071824  | Epoch:007, Loss:0.6706, train:0.8722, val:0.8630, Test:0.8639
2022-08-28 18:42:04  | INFO> 0:00:03.446909  | Epoch:008, Loss:0.6628, train:0.8747, val:0.8626, Test:0.8634
2022-08-28 18:42:04  | INFO> 0:00:03.826994  | Epoch:009, Loss:0.6572, train:0.8734, val:0.8623, Test:0.8630
2022-08-28 18:42:04  | INFO> 0:00:03.827994  | Final Val:0.8632
2022-08-28 18:42:04  | INFO> 0:00:03.827994  | Final Test:0.8641
2022-08-28 18:42:04  | INFO> 0:00:03.827994  | Final Weight:[0.7, 0.3]
2022-08-28 18:42:04  | INFO> 0:00:03.827994  | the downModel: lgb
2022-08-28 18:42:23  | INFO> 0:00:00.016002  | Namespace(dataset='lnc-dis', down_model='lgb', dropout=0.0, epoch=10, hidden_channels=[256, 128], lncRNA_miRNA='lncRNA_miRNA_association.csv', miRNA_disease='miRNA_disease_association.csv', num_edges=1180, num_features=233, num_nodes=267, out_channels=64, path_dataset='F:\\Python\\Python_learning\\BJUT\\LDASAG\\dataset/', pre_model=None, train='traindata', weight=[0.7, 0.3])
2022-08-28 18:42:24  | INFO> 0:00:00.917204  | Epoch:001, Loss:0.6984, train:0.8482, val:0.8283, Test:0.8589
2022-08-28 18:42:24  | INFO> 0:00:01.317295  | Epoch:002, Loss:0.6936, train:0.8591, val:0.8332, Test:0.8617
2022-08-28 18:42:24  | INFO> 0:00:01.728387  | Epoch:003, Loss:0.6882, train:0.8653, val:0.8379, Test:0.8641
2022-08-28 18:42:25  | INFO> 0:00:02.122476  | Epoch:004, Loss:0.6837, train:0.8628, val:0.8422, Test:0.8662
2022-08-28 18:42:25  | INFO> 0:00:02.529568  | Epoch:005, Loss:0.6780, train:0.8674, val:0.8459, Test:0.8677
2022-08-28 18:42:26  | INFO> 0:00:02.916655  | Epoch:006, Loss:0.6727, train:0.8717, val:0.8477, Test:0.8679
2022-08-28 18:42:26  | INFO> 0:00:03.304742  | Epoch:007, Loss:0.6686, train:0.8690, val:0.8484, Test:0.8677
2022-08-28 18:42:26  | INFO> 0:00:03.688829  | Epoch:008, Loss:0.6600, train:0.8744, val:0.8487, Test:0.8672
2022-08-28 18:42:27  | INFO> 0:00:04.075916  | Epoch:009, Loss:0.6548, train:0.8719, val:0.8495, Test:0.8666
2022-08-28 18:42:27  | INFO> 0:00:04.076916  | Final Val:0.8495
2022-08-28 18:42:27  | INFO> 0:00:04.076916  | Final Test:0.8666
2022-08-28 18:42:27  | INFO> 0:00:04.076916  | Final Weight:[0.7, 0.3]
2022-08-28 18:42:27  | INFO> 0:00:04.077917  | the downModel: lgb
2022-08-28 18:46:53  | INFO> 0:00:00.006012  | Namespace(dataset='lnc-dis', down_model='lgb', dropout=0.0, epoch=10, hidden_channels=[256, 128], lncRNA_miRNA='lncRNA_miRNA_association.csv', miRNA_disease='miRNA_disease_association.csv', num_edges=1180, num_features=233, num_nodes=267, out_channels=64, path_dataset='F:\\Python\\Python_learning\\BJUT\\LDASAG\\dataset/', pre_model=None, train='traindata', weight=[0.7, 0.3])
2022-08-28 18:46:54  | INFO> 0:00:00.835837  | Epoch:001, Loss:0.6995, train:0.8597, val:0.8515, Test:0.8691
2022-08-28 18:46:54  | INFO> 0:00:01.197919  | Epoch:002, Loss:0.6951, train:0.8661, val:0.8550, Test:0.8711
2022-08-28 18:46:54  | INFO> 0:00:01.556000  | Epoch:003, Loss:0.6906, train:0.8669, val:0.8580, Test:0.8722
2022-08-28 18:46:55  | INFO> 0:00:01.914080  | Epoch:004, Loss:0.6856, train:0.8692, val:0.8600, Test:0.8731
2022-08-28 18:46:55  | INFO> 0:00:02.276162  | Epoch:005, Loss:0.6800, train:0.8716, val:0.8613, Test:0.8733
2022-08-28 18:46:55  | INFO> 0:00:02.627242  | Epoch:006, Loss:0.6749, train:0.8730, val:0.8621, Test:0.8732
2022-08-28 18:46:56  | INFO> 0:00:02.982322  | Epoch:007, Loss:0.6688, train:0.8731, val:0.8622, Test:0.8726
2022-08-28 18:46:56  | INFO> 0:00:03.348405  | Epoch:008, Loss:0.6609, train:0.8732, val:0.8619, Test:0.8715
2022-08-28 18:46:56  | INFO> 0:00:03.704485  | Epoch:009, Loss:0.6512, train:0.8765, val:0.8615, Test:0.8703
2022-08-28 18:46:56  | INFO> 0:00:03.705484  | Final Val:0.8622
2022-08-28 18:46:56  | INFO> 0:00:03.705484  | Final Test:0.8726
2022-08-28 18:46:56  | INFO> 0:00:03.705484  | Final Weight:[0.7, 0.3]
2022-08-28 18:46:56  | INFO> 0:00:03.705484  | the downModel: lgb
2022-08-28 18:46:59  | INFO> 0:00:05.769950  | Final Val:0.9261
2022-08-28 18:48:25  | INFO> 0:00:00.006984  | Namespace(dataset='lnc-dis', down_model='lgb', dropout=0.0, epoch=100, hidden_channels=[256, 128], lncRNA_miRNA='lncRNA_miRNA_association.csv', miRNA_disease='miRNA_disease_association.csv', num_edges=1180, num_features=[233, 128], num_nodes=267, out_channels=64, path_dataset='F:\\Python\\Python_learning\\BJUT\\LDASAG\\dataset/', pre_model='node2vec', train='traindata', weight=[0.7, 0.3])
2022-08-28 18:49:00  | INFO> 0:00:00.006990  | Namespace(dataset='lnc-dis', down_model='lgb', dropout=0.0, epoch=10, hidden_channels=[256, 128], lncRNA_miRNA='lncRNA_miRNA_association.csv', miRNA_disease='miRNA_disease_association.csv', num_edges=1180, num_features=[233, 128], num_nodes=267, out_channels=64, path_dataset='F:\\Python\\Python_learning\\BJUT\\LDASAG\\dataset/', pre_model='node2vec', train='traindata', weight=[0.7, 0.3])
2022-08-28 18:50:20  | INFO> 0:01:20.302930  | Epoch:001, Loss:0.6778, train:0.8468, val:0.8479, Test:0.8349
2022-08-28 18:50:21  | INFO> 0:01:20.996085  | Epoch:002, Loss:0.6731, train:0.8561, val:0.8509, Test:0.8381
2022-08-28 18:50:22  | INFO> 0:01:21.706247  | Epoch:003, Loss:0.6683, train:0.8539, val:0.8533, Test:0.8408
2022-08-28 18:50:23  | INFO> 0:01:22.431412  | Epoch:004, Loss:0.6624, train:0.8566, val:0.8558, Test:0.8433
2022-08-28 18:50:23  | INFO> 0:01:23.148572  | Epoch:005, Loss:0.6550, train:0.8623, val:0.8577, Test:0.8456
2022-08-28 18:50:24  | INFO> 0:01:23.831725  | Epoch:006, Loss:0.6476, train:0.8661, val:0.8593, Test:0.8478
2022-08-28 18:50:25  | INFO> 0:01:24.543900  | Epoch:007, Loss:0.6437, train:0.8659, val:0.8606, Test:0.8498
2022-08-28 18:50:25  | INFO> 0:01:25.263047  | Epoch:008, Loss:0.6449, train:0.8697, val:0.8616, Test:0.8510
2022-08-28 18:50:26  | INFO> 0:01:25.972210  | Epoch:009, Loss:0.6484, train:0.8716, val:0.8622, Test:0.8516
2022-08-28 18:50:26  | INFO> 0:01:25.974208  | Final Val:0.8622
2022-08-28 18:50:26  | INFO> 0:01:25.976209  | Final Test:0.8516
2022-08-28 18:50:26  | INFO> 0:01:25.977209  | Final Weight:[0.7, 0.3]
2022-08-28 18:50:26  | INFO> 0:01:25.978209  | the downModel: lgb
2022-08-28 18:50:30  | INFO> 0:01:30.213303  | Final Val:0.9311
2022-08-28 18:52:30  | INFO> 0:00:00.006003  | Namespace(dataset='lnc-dis', down_model='lgb', dropout=0.0, epoch=10, hidden_channels=[256, 128], lncRNA_miRNA='lncRNA_miRNA_association.csv', miRNA_disease='miRNA_disease_association.csv', num_edges=1180, num_features=[233, 128], num_nodes=267, out_channels=64, path_dataset='F:\\Python\\Python_learning\\BJUT\\LDASAG\\dataset/', pre_model='deepwalk', train='traindata', weight=[0.4, 0.6])
2022-08-28 18:54:06  | INFO> 0:01:35.635504  | Epoch:001, Loss:0.6756, train:0.8567, val:0.8385, Test:0.8431
2022-08-28 18:54:06  | INFO> 0:01:36.348027  | Epoch:002, Loss:0.6713, train:0.8579, val:0.8409, Test:0.8454
2022-08-28 18:54:07  | INFO> 0:01:37.050187  | Epoch:003, Loss:0.6664, train:0.8612, val:0.8429, Test:0.8476
2022-08-28 18:54:08  | INFO> 0:01:37.745342  | Epoch:004, Loss:0.6609, train:0.8655, val:0.8448, Test:0.8494
2022-08-28 18:54:08  | INFO> 0:01:38.447102  | Epoch:005, Loss:0.6554, train:0.8640, val:0.8467, Test:0.8513
2022-08-28 18:54:09  | INFO> 0:01:39.153616  | Epoch:006, Loss:0.6489, train:0.8677, val:0.8484, Test:0.8529
2022-08-28 18:54:10  | INFO> 0:01:39.855773  | Epoch:007, Loss:0.6435, train:0.8695, val:0.8501, Test:0.8546
2022-08-28 18:54:11  | INFO> 0:01:40.556931  | Epoch:008, Loss:0.6412, train:0.8714, val:0.8519, Test:0.8562
2022-08-28 18:54:11  | INFO> 0:01:41.252088  | Epoch:009, Loss:0.6442, train:0.8723, val:0.8531, Test:0.8572
2022-08-28 18:54:11  | INFO> 0:01:41.254089  | Final Val:0.8531
2022-08-28 18:54:11  | INFO> 0:01:41.256089  | Final Test:0.8572
2022-08-28 18:54:11  | INFO> 0:01:41.257089  | Final Weight:[0.4, 0.6]
2022-08-28 18:54:11  | INFO> 0:01:41.258089  | the downModel: lgb
2022-08-28 18:54:18  | INFO> 0:01:47.536798  | Final Val:0.9208
