2022-11-19 19:32:50  | INFO> 0:00:00.092023  | Clear expried log：2022-07-09.log
2022-11-19 19:32:50  | INFO> 0:00:00.093033  | Clear expried log：2022-07-10.log
2022-11-19 19:32:50  | INFO> 0:00:00.095024  | Clear expried log：2022-07-24.log
2022-11-19 19:32:50  | INFO> 0:00:00.096024  | Clear expried log：2022-07-29.log
2022-11-19 19:33:08  | INFO> 0:00:00.009004  | Namespace(dataset='lnc-dis', down_model='lgb', dropout=0.0, epoch=100, hidden_channels=[256, 128], lncRNA_miRNA='lncRNA_miRNA_association.csv', miRNA_disease='miRNA_disease_association.csv', num_edges=1180, num_features=[233, 128], num_nodes=267, out_channels=64, path_dataset='F:\\Python\\Python_learning\\BJUT\\LDASAG\\dataset/', pre_model='node2vec', train='traindata', weight=[0.7, 0.3])
2022-11-19 19:34:45  | INFO> 0:01:36.323625  | Epoch:001, Loss:0.6803, train:0.8511, val:0.8393, Test:0.8624
2022-11-19 19:34:46  | INFO> 0:01:37.420871  | Epoch:002, Loss:0.6756, train:0.8541, val:0.8443, Test:0.8658
2022-11-19 19:34:47  | INFO> 0:01:38.429101  | Epoch:003, Loss:0.6697, train:0.8617, val:0.8481, Test:0.8684
2022-11-19 19:34:48  | INFO> 0:01:39.436328  | Epoch:004, Loss:0.6637, train:0.8602, val:0.8515, Test:0.8705
2022-11-19 19:34:49  | INFO> 0:01:40.536581  | Epoch:005, Loss:0.6562, train:0.8650, val:0.8546, Test:0.8725
2022-11-19 19:34:50  | INFO> 0:01:41.606820  | Epoch:006, Loss:0.6483, train:0.8678, val:0.8574, Test:0.8742
2022-11-19 19:34:51  | INFO> 0:01:42.583041  | Epoch:007, Loss:0.6421, train:0.8698, val:0.8600, Test:0.8759
2022-11-19 19:34:52  | INFO> 0:01:43.605296  | Epoch:008, Loss:0.6423, train:0.8711, val:0.8617, Test:0.8768
2022-11-19 19:34:53  | INFO> 0:01:44.590678  | Epoch:009, Loss:0.6465, train:0.8750, val:0.8624, Test:0.8774
2022-11-19 19:34:54  | INFO> 0:01:45.570911  | Epoch:010, Loss:0.6472, train:0.8720, val:0.8628, Test:0.8777
2022-11-19 19:34:55  | INFO> 0:01:46.579556  | Epoch:011, Loss:0.6415, train:0.8744, val:0.8631, Test:0.8781
2022-11-19 19:34:56  | INFO> 0:01:47.604792  | Epoch:012, Loss:0.6393, train:0.8740, val:0.8635, Test:0.8783
2022-11-19 19:34:57  | INFO> 0:01:48.599013  | Epoch:013, Loss:0.6395, train:0.8738, val:0.8639, Test:0.8786
2022-11-19 19:34:58  | INFO> 0:01:49.609242  | Epoch:014, Loss:0.6396, train:0.8770, val:0.8644, Test:0.8789
2022-11-19 19:34:59  | INFO> 0:01:50.602467  | Epoch:015, Loss:0.6402, train:0.8784, val:0.8650, Test:0.8794
2022-11-19 19:35:00  | INFO> 0:01:51.629700  | Epoch:016, Loss:0.6403, train:0.8781, val:0.8659, Test:0.8799
2022-11-19 19:35:01  | INFO> 0:01:52.646930  | Epoch:017, Loss:0.6399, train:0.8756, val:0.8666, Test:0.8803
2022-11-19 19:35:02  | INFO> 0:01:53.637154  | Epoch:018, Loss:0.6371, train:0.8803, val:0.8671, Test:0.8804
2022-11-19 19:35:03  | INFO> 0:01:54.663389  | Epoch:019, Loss:0.6352, train:0.8811, val:0.8675, Test:0.8804
2022-11-19 19:35:04  | INFO> 0:01:55.663615  | Epoch:020, Loss:0.6348, train:0.8794, val:0.8677, Test:0.8803
2022-11-19 19:35:05  | INFO> 0:01:56.672725  | Epoch:021, Loss:0.6341, train:0.8812, val:0.8677, Test:0.8800
2022-11-19 19:35:06  | INFO> 0:01:57.662639  | Epoch:022, Loss:0.6340, train:0.8815, val:0.8676, Test:0.8795
2022-11-19 19:35:07  | INFO> 0:01:58.668869  | Epoch:023, Loss:0.6360, train:0.8786, val:0.8674, Test:0.8787
2022-11-19 19:35:08  | INFO> 0:01:59.672454  | Epoch:024, Loss:0.6321, train:0.8828, val:0.8673, Test:0.8781
2022-11-19 19:35:09  | INFO> 0:02:00.670680  | Epoch:025, Loss:0.6321, train:0.8805, val:0.8671, Test:0.8778
2022-11-19 19:35:10  | INFO> 0:02:01.668705  | Epoch:026, Loss:0.6309, train:0.8796, val:0.8669, Test:0.8775
2022-11-19 19:35:11  | INFO> 0:02:02.675936  | Epoch:027, Loss:0.6295, train:0.8815, val:0.8667, Test:0.8775
2022-11-19 19:35:12  | INFO> 0:02:03.658157  | Epoch:028, Loss:0.6297, train:0.8778, val:0.8664, Test:0.8776
2022-11-19 19:35:13  | INFO> 0:02:04.651381  | Epoch:029, Loss:0.6275, train:0.8812, val:0.8663, Test:0.8777
2022-11-19 19:35:14  | INFO> 0:02:05.658250  | Epoch:030, Loss:0.6261, train:0.8799, val:0.8659, Test:0.8776
2022-11-19 19:35:15  | INFO> 0:02:06.657495  | Epoch:031, Loss:0.6259, train:0.8771, val:0.8655, Test:0.8776
2022-11-19 19:35:16  | INFO> 0:02:07.670727  | Epoch:032, Loss:0.6226, train:0.8799, val:0.8652, Test:0.8775
2022-11-19 19:35:17  | INFO> 0:02:08.687955  | Epoch:033, Loss:0.6231, train:0.8776, val:0.8646, Test:0.8773
2022-11-19 19:35:18  | INFO> 0:02:09.689180  | Epoch:034, Loss:0.6189, train:0.8818, val:0.8638, Test:0.8771
2022-11-19 19:35:19  | INFO> 0:02:10.711859  | Epoch:035, Loss:0.6173, train:0.8800, val:0.8628, Test:0.8770
2022-11-19 19:35:20  | INFO> 0:02:11.721389  | Epoch:036, Loss:0.6154, train:0.8790, val:0.8622, Test:0.8770
2022-11-19 19:35:21  | INFO> 0:02:12.693612  | Epoch:037, Loss:0.6139, train:0.8766, val:0.8619, Test:0.8771
2022-11-19 19:35:22  | INFO> 0:02:13.692835  | Epoch:038, Loss:0.6127, train:0.8778, val:0.8613, Test:0.8770
2022-11-19 19:35:23  | INFO> 0:02:14.692062  | Epoch:039, Loss:0.6133, train:0.8745, val:0.8605, Test:0.8770
2022-11-19 19:35:24  | INFO> 0:02:15.662282  | Epoch:040, Loss:0.6066, train:0.8787, val:0.8598, Test:0.8766
2022-11-19 19:35:25  | INFO> 0:02:16.687515  | Epoch:041, Loss:0.6081, train:0.8757, val:0.8596, Test:0.8765
2022-11-19 19:35:26  | INFO> 0:02:17.682740  | Epoch:042, Loss:0.6093, train:0.8767, val:0.8587, Test:0.8761
2022-11-19 19:35:27  | INFO> 0:02:18.694969  | Epoch:043, Loss:0.6078, train:0.8727, val:0.8565, Test:0.8749
2022-11-19 19:35:28  | INFO> 0:02:19.759211  | Epoch:044, Loss:0.6151, train:0.8719, val:0.8582, Test:0.8758
2022-11-19 19:35:29  | INFO> 0:02:20.786442  | Epoch:045, Loss:0.6050, train:0.8795, val:0.8581, Test:0.8758
2022-11-19 19:35:30  | INFO> 0:02:21.818676  | Epoch:046, Loss:0.6065, train:0.8756, val:0.8558, Test:0.8750
2022-11-19 19:35:31  | INFO> 0:02:22.820904  | Epoch:047, Loss:0.6075, train:0.8726, val:0.8558, Test:0.8750
2022-11-19 19:35:32  | INFO> 0:02:23.842135  | Epoch:048, Loss:0.6056, train:0.8724, val:0.8570, Test:0.8754
2022-11-19 19:35:33  | INFO> 0:02:24.917378  | Epoch:049, Loss:0.6060, train:0.8727, val:0.8564, Test:0.8751
2022-11-19 19:35:34  | INFO> 0:02:25.957615  | Epoch:050, Loss:0.6082, train:0.8723, val:0.8551, Test:0.8746
2022-11-19 19:35:36  | INFO> 0:02:27.086379  | Epoch:051, Loss:0.6029, train:0.8737, val:0.8558, Test:0.8748
2022-11-19 19:35:37  | INFO> 0:02:28.205070  | Epoch:052, Loss:0.6013, train:0.8738, val:0.8564, Test:0.8749
2022-11-19 19:35:38  | INFO> 0:02:29.346530  | Epoch:053, Loss:0.6036, train:0.8743, val:0.8557, Test:0.8748
2022-11-19 19:35:39  | INFO> 0:02:30.444783  | Epoch:054, Loss:0.6056, train:0.8740, val:0.8553, Test:0.8747
2022-11-19 19:35:40  | INFO> 0:02:31.569031  | Epoch:055, Loss:0.6018, train:0.8748, val:0.8559, Test:0.8748
2022-11-19 19:35:41  | INFO> 0:02:32.686726  | Epoch:056, Loss:0.6036, train:0.8753, val:0.8559, Test:0.8748
2022-11-19 19:35:42  | INFO> 0:02:33.809013  | Epoch:057, Loss:0.6038, train:0.8726, val:0.8552, Test:0.8747
2022-11-19 19:35:43  | INFO> 0:02:34.857783  | Epoch:058, Loss:0.6016, train:0.8721, val:0.8546, Test:0.8745
2022-11-19 19:35:44  | INFO> 0:02:35.868011  | Epoch:059, Loss:0.6017, train:0.8723, val:0.8549, Test:0.8746
2022-11-19 19:35:45  | INFO> 0:02:36.884240  | Epoch:060, Loss:0.6035, train:0.8707, val:0.8548, Test:0.8745
2022-11-19 19:35:46  | INFO> 0:02:37.872641  | Epoch:061, Loss:0.6028, train:0.8715, val:0.8533, Test:0.8741
2022-11-19 19:35:47  | INFO> 0:02:38.868870  | Epoch:062, Loss:0.6005, train:0.8720, val:0.8528, Test:0.8739
2022-11-19 19:35:48  | INFO> 0:02:39.868093  | Epoch:063, Loss:0.6038, train:0.8669, val:0.8529, Test:0.8739
2022-11-19 19:35:49  | INFO> 0:02:40.906327  | Epoch:064, Loss:0.6004, train:0.8734, val:0.8525, Test:0.8737
2022-11-19 19:35:50  | INFO> 0:02:41.979905  | Epoch:065, Loss:0.6046, train:0.8686, val:0.8504, Test:0.8733
2022-11-19 19:35:52  | INFO> 0:02:43.037944  | Epoch:066, Loss:0.5993, train:0.8702, val:0.8513, Test:0.8734
2022-11-19 19:35:53  | INFO> 0:02:44.130296  | Epoch:067, Loss:0.6003, train:0.8693, val:0.8513, Test:0.8735
2022-11-19 19:35:54  | INFO> 0:02:45.209306  | Epoch:068, Loss:0.6027, train:0.8663, val:0.8487, Test:0.8727
2022-11-19 19:35:55  | INFO> 0:02:46.341158  | Epoch:069, Loss:0.6010, train:0.8695, val:0.8505, Test:0.8733
2022-11-19 19:35:56  | INFO> 0:02:47.398382  | Epoch:070, Loss:0.5994, train:0.8689, val:0.8505, Test:0.8733
2022-11-19 19:35:57  | INFO> 0:02:48.419745  | Epoch:071, Loss:0.6009, train:0.8697, val:0.8480, Test:0.8726
2022-11-19 19:35:58  | INFO> 0:02:49.459980  | Epoch:072, Loss:0.5970, train:0.8684, val:0.8484, Test:0.8727
2022-11-19 19:35:59  | INFO> 0:02:50.498215  | Epoch:073, Loss:0.5967, train:0.8703, val:0.8492, Test:0.8729
2022-11-19 19:36:00  | INFO> 0:02:51.555655  | Epoch:074, Loss:0.6011, train:0.8680, val:0.8454, Test:0.8717
2022-11-19 19:36:01  | INFO> 0:02:52.586888  | Epoch:075, Loss:0.5998, train:0.8672, val:0.8459, Test:0.8718
2022-11-19 19:36:02  | INFO> 0:02:53.625626  | Epoch:076, Loss:0.6002, train:0.8656, val:0.8469, Test:0.8720
2022-11-19 19:36:03  | INFO> 0:02:54.634362  | Epoch:077, Loss:0.5965, train:0.8678, val:0.8446, Test:0.8713
2022-11-19 19:36:04  | INFO> 0:02:55.669597  | Epoch:078, Loss:0.6006, train:0.8637, val:0.8435, Test:0.8709
2022-11-19 19:36:05  | INFO> 0:02:56.680099  | Epoch:079, Loss:0.6022, train:0.8604, val:0.8452, Test:0.8714
2022-11-19 19:36:06  | INFO> 0:02:57.682066  | Epoch:080, Loss:0.5960, train:0.8678, val:0.8445, Test:0.8713
2022-11-19 19:36:07  | INFO> 0:02:58.697422  | Epoch:081, Loss:0.5963, train:0.8668, val:0.8427, Test:0.8708
2022-11-19 19:36:08  | INFO> 0:02:59.800482  | Epoch:082, Loss:0.5957, train:0.8665, val:0.8446, Test:0.8713
2022-11-19 19:36:09  | INFO> 0:03:00.851373  | Epoch:083, Loss:0.5984, train:0.8639, val:0.8421, Test:0.8706
2022-11-19 19:36:10  | INFO> 0:03:01.886663  | Epoch:084, Loss:0.5962, train:0.8649, val:0.8422, Test:0.8705
2022-11-19 19:36:11  | INFO> 0:03:02.910914  | Epoch:085, Loss:0.5963, train:0.8646, val:0.8423, Test:0.8705
2022-11-19 19:36:12  | INFO> 0:03:03.951332  | Epoch:086, Loss:0.5967, train:0.8649, val:0.8391, Test:0.8694
2022-11-19 19:36:14  | INFO> 0:03:05.040584  | Epoch:087, Loss:0.5957, train:0.8614, val:0.8406, Test:0.8699
2022-11-19 19:36:15  | INFO> 0:03:06.071814  | Epoch:088, Loss:0.5950, train:0.8651, val:0.8403, Test:0.8698
2022-11-19 19:36:16  | INFO> 0:03:07.080041  | Epoch:089, Loss:0.5940, train:0.8652, val:0.8384, Test:0.8694
2022-11-19 19:36:17  | INFO> 0:03:08.068268  | Epoch:090, Loss:0.5951, train:0.8627, val:0.8405, Test:0.8701
2022-11-19 19:36:18  | INFO> 0:03:09.072494  | Epoch:091, Loss:0.5943, train:0.8650, val:0.8391, Test:0.8698
2022-11-19 19:36:19  | INFO> 0:03:10.073725  | Epoch:092, Loss:0.5930, train:0.8660, val:0.8384, Test:0.8697
2022-11-19 19:36:20  | INFO> 0:03:11.048941  | Epoch:093, Loss:0.5967, train:0.8617, val:0.8378, Test:0.8693
2022-11-19 19:36:20  | INFO> 0:03:12.029164  | Epoch:094, Loss:0.5927, train:0.8631, val:0.8366, Test:0.8686
2022-11-19 19:36:21  | INFO> 0:03:13.016386  | Epoch:095, Loss:0.5923, train:0.8620, val:0.8347, Test:0.8678
2022-11-19 19:36:22  | INFO> 0:03:13.986043  | Epoch:096, Loss:0.5956, train:0.8571, val:0.8349, Test:0.8679
2022-11-19 19:36:23  | INFO> 0:03:14.972687  | Epoch:097, Loss:0.5912, train:0.8604, val:0.8358, Test:0.8684
2022-11-19 19:36:24  | INFO> 0:03:15.966913  | Epoch:098, Loss:0.5926, train:0.8618, val:0.8346, Test:0.8685
2022-11-19 19:36:25  | INFO> 0:03:16.970140  | Epoch:099, Loss:0.5933, train:0.8606, val:0.8353, Test:0.8682
2022-11-19 19:36:25  | INFO> 0:03:16.972141  | Final Val:0.8677
2022-11-19 19:36:25  | INFO> 0:03:16.974142  | Final Test:0.8803
2022-11-19 19:36:25  | INFO> 0:03:16.977140  | Final Weight:[0.7, 0.3]
2022-11-19 19:36:25  | INFO> 0:03:16.978140  | the downModel: lgb
2022-11-19 19:36:30  | INFO> 0:03:21.091709  | Final Val:0.9380
